CRITICAL - 2023-12-04 03:53:19 --> Undefined variable: title
in APPPATH\Views\products\create.php on line 12.
 1 APPPATH\Views\products\create.php(12): CodeIgniter\Debug\Exceptions->errorHandler(8, 'Undefined variable: title', 'D:\\server\\xampp\\htdocs\\wdpf55_ci\\ci_project\\app\\Views\\products\\create.php', 12, [])
 2 SYSTEMPATH\View\View.php(228): include('D:\\server\\xampp\\htdocs\\wdpf55_ci\\ci_project\\app\\Views\\products\\create.php')
 3 SYSTEMPATH\View\View.php(231): CodeIgniter\View\View->CodeIgniter\View\{closure}()
 4 SYSTEMPATH\Common.php(1190): CodeIgniter\View\View->render('products/create', [], true)
 5 APPPATH\Controllers\ProductController.php(27): view('products/create')
 6 SYSTEMPATH\CodeIgniter.php(942): App\Controllers\ProductController->create()
 7 SYSTEMPATH\CodeIgniter.php(502): CodeIgniter\CodeIgniter->runController(Object(App\Controllers\ProductController))
 8 SYSTEMPATH\CodeIgniter.php(361): CodeIgniter\CodeIgniter->handleRequest(null, Object(Config\Cache), false)
 9 FCPATH\index.php(79): CodeIgniter\CodeIgniter->run()
10 SYSTEMPATH\Commands\Server\rewrite.php(47): require_once('D:\\server\\xampp\\htdocs\\wdpf55_ci\\ci_project\\public\\index.php')
CRITICAL - 2023-12-04 03:53:44 --> Undefined variable: title
in APPPATH\Views\products\create.php on line 12.
 1 APPPATH\Views\products\create.php(12): CodeIgniter\Debug\Exceptions->errorHandler(8, 'Undefined variable: title', 'D:\\server\\xampp\\htdocs\\wdpf55_ci\\ci_project\\app\\Views\\products\\create.php', 12, [])
 2 SYSTEMPATH\View\View.php(228): include('D:\\server\\xampp\\htdocs\\wdpf55_ci\\ci_project\\app\\Views\\products\\create.php')
 3 SYSTEMPATH\View\View.php(231): CodeIgniter\View\View->CodeIgniter\View\{closure}()
 4 SYSTEMPATH\Common.php(1190): CodeIgniter\View\View->render('products/create', [], true)
 5 APPPATH\Controllers\ProductController.php(27): view('products/create')
 6 SYSTEMPATH\CodeIgniter.php(942): App\Controllers\ProductController->create()
 7 SYSTEMPATH\CodeIgniter.php(502): CodeIgniter\CodeIgniter->runController(Object(App\Controllers\ProductController))
 8 SYSTEMPATH\CodeIgniter.php(361): CodeIgniter\CodeIgniter->handleRequest(null, Object(Config\Cache), false)
 9 FCPATH\index.php(79): CodeIgniter\CodeIgniter->run()
10 SYSTEMPATH\Commands\Server\rewrite.php(47): require_once('D:\\server\\xampp\\htdocs\\wdpf55_ci\\ci_project\\public\\index.php')
INFO - 2023-12-04 03:54:04 --> Session: Class initialized using 'CodeIgniter\Session\Handlers\FileHandler' driver.
CRITICAL - 2023-12-04 03:54:07 --> Undefined variable: title
in APPPATH\Views\products\create.php on line 12.
 1 APPPATH\Views\products\create.php(12): CodeIgniter\Debug\Exceptions->errorHandler(8, 'Undefined variable: title', 'D:\\server\\xampp\\htdocs\\wdpf55_ci\\ci_project\\app\\Views\\products\\create.php', 12, [])
 2 SYSTEMPATH\View\View.php(228): include('D:\\server\\xampp\\htdocs\\wdpf55_ci\\ci_project\\app\\Views\\products\\create.php')
 3 SYSTEMPATH\View\View.php(231): CodeIgniter\View\View->CodeIgniter\View\{closure}()
 4 SYSTEMPATH\Common.php(1190): CodeIgniter\View\View->render('products/create', [], true)
 5 APPPATH\Controllers\ProductController.php(27): view('products/create')
 6 SYSTEMPATH\CodeIgniter.php(942): App\Controllers\ProductController->create()
 7 SYSTEMPATH\CodeIgniter.php(502): CodeIgniter\CodeIgniter->runController(Object(App\Controllers\ProductController))
 8 SYSTEMPATH\CodeIgniter.php(361): CodeIgniter\CodeIgniter->handleRequest(null, Object(Config\Cache), false)
 9 FCPATH\index.php(79): CodeIgniter\CodeIgniter->run()
10 SYSTEMPATH\Commands\Server\rewrite.php(47): require_once('D:\\server\\xampp\\htdocs\\wdpf55_ci\\ci_project\\public\\index.php')
INFO - 2023-12-04 03:57:39 --> Session: Class initialized using 'CodeIgniter\Session\Handlers\FileHandler' driver.
INFO - 2023-12-04 03:58:00 --> Session: Class initialized using 'CodeIgniter\Session\Handlers\FileHandler' driver.
INFO - 2023-12-04 03:58:52 --> Session: Class initialized using 'CodeIgniter\Session\Handlers\FileHandler' driver.
INFO - 2023-12-04 03:59:49 --> Session: Class initialized using 'CodeIgniter\Session\Handlers\FileHandler' driver.
INFO - 2023-12-04 04:06:07 --> Session: Class initialized using 'CodeIgniter\Session\Handlers\FileHandler' driver.
INFO - 2023-12-04 04:06:44 --> Session: Class initialized using 'CodeIgniter\Session\Handlers\FileHandler' driver.
INFO - 2023-12-04 04:06:53 --> Session: Class initialized using 'CodeIgniter\Session\Handlers\FileHandler' driver.
INFO - 2023-12-04 04:16:06 --> Session: Class initialized using 'CodeIgniter\Session\Handlers\FileHandler' driver.
CRITICAL - 2023-12-04 04:16:06 --> Undefined variable: item
in APPPATH\Views\products\index.php on line 100.
 1 APPPATH\Views\products\index.php(100): CodeIgniter\Debug\Exceptions->errorHandler(8, 'Undefined variable: item', 'D:\\server\\xampp\\htdocs\\wdpf55_ci\\ci_project\\app\\Views\\products\\index.php', 100, [...])
 2 SYSTEMPATH\View\View.php(228): include('D:\\server\\xampp\\htdocs\\wdpf55_ci\\ci_project\\app\\Views\\products\\index.php')
 3 SYSTEMPATH\View\View.php(231): CodeIgniter\View\View->CodeIgniter\View\{closure}()
 4 SYSTEMPATH\Common.php(1190): CodeIgniter\View\View->render('products/index', [], true)
 5 APPPATH\Controllers\ProductController.php(22): view('products/index', [...])
 6 SYSTEMPATH\CodeIgniter.php(942): App\Controllers\ProductController->index()
 7 SYSTEMPATH\CodeIgniter.php(502): CodeIgniter\CodeIgniter->runController(Object(App\Controllers\ProductController))
 8 SYSTEMPATH\CodeIgniter.php(361): CodeIgniter\CodeIgniter->handleRequest(null, Object(Config\Cache), false)
 9 FCPATH\index.php(79): CodeIgniter\CodeIgniter->run()
10 SYSTEMPATH\Commands\Server\rewrite.php(47): require_once('D:\\server\\xampp\\htdocs\\wdpf55_ci\\ci_project\\public\\index.php')
INFO - 2023-12-04 04:16:42 --> Session: Class initialized using 'CodeIgniter\Session\Handlers\FileHandler' driver.
CRITICAL - 2023-12-04 04:16:42 --> Undefined variable: item
in APPPATH\Views\products\index.php on line 100.
 1 APPPATH\Views\products\index.php(100): CodeIgniter\Debug\Exceptions->errorHandler(8, 'Undefined variable: item', 'D:\\server\\xampp\\htdocs\\wdpf55_ci\\ci_project\\app\\Views\\products\\index.php', 100, [...])
 2 SYSTEMPATH\View\View.php(228): include('D:\\server\\xampp\\htdocs\\wdpf55_ci\\ci_project\\app\\Views\\products\\index.php')
 3 SYSTEMPATH\View\View.php(231): CodeIgniter\View\View->CodeIgniter\View\{closure}()
 4 SYSTEMPATH\Common.php(1190): CodeIgniter\View\View->render('products/index', [], true)
 5 APPPATH\Controllers\ProductController.php(22): view('products/index', [...])
 6 SYSTEMPATH\CodeIgniter.php(942): App\Controllers\ProductController->index()
 7 SYSTEMPATH\CodeIgniter.php(502): CodeIgniter\CodeIgniter->runController(Object(App\Controllers\ProductController))
 8 SYSTEMPATH\CodeIgniter.php(361): CodeIgniter\CodeIgniter->handleRequest(null, Object(Config\Cache), false)
 9 FCPATH\index.php(79): CodeIgniter\CodeIgniter->run()
10 SYSTEMPATH\Commands\Server\rewrite.php(47): require_once('D:\\server\\xampp\\htdocs\\wdpf55_ci\\ci_project\\public\\index.php')
INFO - 2023-12-04 04:19:14 --> Session: Class initialized using 'CodeIgniter\Session\Handlers\FileHandler' driver.
CRITICAL - 2023-12-04 04:19:14 --> Undefined variable: item
in APPPATH\Views\products\index.php on line 100.
 1 APPPATH\Views\products\index.php(100): CodeIgniter\Debug\Exceptions->errorHandler(8, 'Undefined variable: item', 'D:\\server\\xampp\\htdocs\\wdpf55_ci\\ci_project\\app\\Views\\products\\index.php', 100, [...])
 2 SYSTEMPATH\View\View.php(228): include('D:\\server\\xampp\\htdocs\\wdpf55_ci\\ci_project\\app\\Views\\products\\index.php')
 3 SYSTEMPATH\View\View.php(231): CodeIgniter\View\View->CodeIgniter\View\{closure}()
 4 SYSTEMPATH\Common.php(1190): CodeIgniter\View\View->render('products/index', [], true)
 5 APPPATH\Controllers\ProductController.php(22): view('products/index', [...])
 6 SYSTEMPATH\CodeIgniter.php(942): App\Controllers\ProductController->index()
 7 SYSTEMPATH\CodeIgniter.php(502): CodeIgniter\CodeIgniter->runController(Object(App\Controllers\ProductController))
 8 SYSTEMPATH\CodeIgniter.php(361): CodeIgniter\CodeIgniter->handleRequest(null, Object(Config\Cache), false)
 9 FCPATH\index.php(79): CodeIgniter\CodeIgniter->run()
10 SYSTEMPATH\Commands\Server\rewrite.php(47): require_once('D:\\server\\xampp\\htdocs\\wdpf55_ci\\ci_project\\public\\index.php')
INFO - 2023-12-04 04:19:15 --> Session: Class initialized using 'CodeIgniter\Session\Handlers\FileHandler' driver.
CRITICAL - 2023-12-04 04:19:15 --> Undefined variable: item
in APPPATH\Views\products\index.php on line 100.
 1 APPPATH\Views\products\index.php(100): CodeIgniter\Debug\Exceptions->errorHandler(8, 'Undefined variable: item', 'D:\\server\\xampp\\htdocs\\wdpf55_ci\\ci_project\\app\\Views\\products\\index.php', 100, [...])
 2 SYSTEMPATH\View\View.php(228): include('D:\\server\\xampp\\htdocs\\wdpf55_ci\\ci_project\\app\\Views\\products\\index.php')
 3 SYSTEMPATH\View\View.php(231): CodeIgniter\View\View->CodeIgniter\View\{closure}()
 4 SYSTEMPATH\Common.php(1190): CodeIgniter\View\View->render('products/index', [], true)
 5 APPPATH\Controllers\ProductController.php(22): view('products/index', [...])
 6 SYSTEMPATH\CodeIgniter.php(942): App\Controllers\ProductController->index()
 7 SYSTEMPATH\CodeIgniter.php(502): CodeIgniter\CodeIgniter->runController(Object(App\Controllers\ProductController))
 8 SYSTEMPATH\CodeIgniter.php(361): CodeIgniter\CodeIgniter->handleRequest(null, Object(Config\Cache), false)
 9 FCPATH\index.php(79): CodeIgniter\CodeIgniter->run()
10 SYSTEMPATH\Commands\Server\rewrite.php(47): require_once('D:\\server\\xampp\\htdocs\\wdpf55_ci\\ci_project\\public\\index.php')
INFO - 2023-12-04 04:19:15 --> Session: Class initialized using 'CodeIgniter\Session\Handlers\FileHandler' driver.
CRITICAL - 2023-12-04 04:19:15 --> Undefined variable: item
in APPPATH\Views\products\index.php on line 100.
 1 APPPATH\Views\products\index.php(100): CodeIgniter\Debug\Exceptions->errorHandler(8, 'Undefined variable: item', 'D:\\server\\xampp\\htdocs\\wdpf55_ci\\ci_project\\app\\Views\\products\\index.php', 100, [...])
 2 SYSTEMPATH\View\View.php(228): include('D:\\server\\xampp\\htdocs\\wdpf55_ci\\ci_project\\app\\Views\\products\\index.php')
 3 SYSTEMPATH\View\View.php(231): CodeIgniter\View\View->CodeIgniter\View\{closure}()
 4 SYSTEMPATH\Common.php(1190): CodeIgniter\View\View->render('products/index', [], true)
 5 APPPATH\Controllers\ProductController.php(22): view('products/index', [...])
 6 SYSTEMPATH\CodeIgniter.php(942): App\Controllers\ProductController->index()
 7 SYSTEMPATH\CodeIgniter.php(502): CodeIgniter\CodeIgniter->runController(Object(App\Controllers\ProductController))
 8 SYSTEMPATH\CodeIgniter.php(361): CodeIgniter\CodeIgniter->handleRequest(null, Object(Config\Cache), false)
 9 FCPATH\index.php(79): CodeIgniter\CodeIgniter->run()
10 SYSTEMPATH\Commands\Server\rewrite.php(47): require_once('D:\\server\\xampp\\htdocs\\wdpf55_ci\\ci_project\\public\\index.php')
INFO - 2023-12-04 04:19:15 --> Session: Class initialized using 'CodeIgniter\Session\Handlers\FileHandler' driver.
CRITICAL - 2023-12-04 04:19:15 --> Undefined variable: item
in APPPATH\Views\products\index.php on line 100.
 1 APPPATH\Views\products\index.php(100): CodeIgniter\Debug\Exceptions->errorHandler(8, 'Undefined variable: item', 'D:\\server\\xampp\\htdocs\\wdpf55_ci\\ci_project\\app\\Views\\products\\index.php', 100, [...])
 2 SYSTEMPATH\View\View.php(228): include('D:\\server\\xampp\\htdocs\\wdpf55_ci\\ci_project\\app\\Views\\products\\index.php')
 3 SYSTEMPATH\View\View.php(231): CodeIgniter\View\View->CodeIgniter\View\{closure}()
 4 SYSTEMPATH\Common.php(1190): CodeIgniter\View\View->render('products/index', [], true)
 5 APPPATH\Controllers\ProductController.php(22): view('products/index', [...])
 6 SYSTEMPATH\CodeIgniter.php(942): App\Controllers\ProductController->index()
 7 SYSTEMPATH\CodeIgniter.php(502): CodeIgniter\CodeIgniter->runController(Object(App\Controllers\ProductController))
 8 SYSTEMPATH\CodeIgniter.php(361): CodeIgniter\CodeIgniter->handleRequest(null, Object(Config\Cache), false)
 9 FCPATH\index.php(79): CodeIgniter\CodeIgniter->run()
10 SYSTEMPATH\Commands\Server\rewrite.php(47): require_once('D:\\server\\xampp\\htdocs\\wdpf55_ci\\ci_project\\public\\index.php')
INFO - 2023-12-04 04:19:16 --> Session: Class initialized using 'CodeIgniter\Session\Handlers\FileHandler' driver.
CRITICAL - 2023-12-04 04:19:16 --> Undefined variable: item
in APPPATH\Views\products\index.php on line 100.
 1 APPPATH\Views\products\index.php(100): CodeIgniter\Debug\Exceptions->errorHandler(8, 'Undefined variable: item', 'D:\\server\\xampp\\htdocs\\wdpf55_ci\\ci_project\\app\\Views\\products\\index.php', 100, [...])
 2 SYSTEMPATH\View\View.php(228): include('D:\\server\\xampp\\htdocs\\wdpf55_ci\\ci_project\\app\\Views\\products\\index.php')
 3 SYSTEMPATH\View\View.php(231): CodeIgniter\View\View->CodeIgniter\View\{closure}()
 4 SYSTEMPATH\Common.php(1190): CodeIgniter\View\View->render('products/index', [], true)
 5 APPPATH\Controllers\ProductController.php(22): view('products/index', [...])
 6 SYSTEMPATH\CodeIgniter.php(942): App\Controllers\ProductController->index()
 7 SYSTEMPATH\CodeIgniter.php(502): CodeIgniter\CodeIgniter->runController(Object(App\Controllers\ProductController))
 8 SYSTEMPATH\CodeIgniter.php(361): CodeIgniter\CodeIgniter->handleRequest(null, Object(Config\Cache), false)
 9 FCPATH\index.php(79): CodeIgniter\CodeIgniter->run()
10 SYSTEMPATH\Commands\Server\rewrite.php(47): require_once('D:\\server\\xampp\\htdocs\\wdpf55_ci\\ci_project\\public\\index.php')
INFO - 2023-12-04 04:19:16 --> Session: Class initialized using 'CodeIgniter\Session\Handlers\FileHandler' driver.
CRITICAL - 2023-12-04 04:19:16 --> Undefined variable: item
in APPPATH\Views\products\index.php on line 100.
 1 APPPATH\Views\products\index.php(100): CodeIgniter\Debug\Exceptions->errorHandler(8, 'Undefined variable: item', 'D:\\server\\xampp\\htdocs\\wdpf55_ci\\ci_project\\app\\Views\\products\\index.php', 100, [...])
 2 SYSTEMPATH\View\View.php(228): include('D:\\server\\xampp\\htdocs\\wdpf55_ci\\ci_project\\app\\Views\\products\\index.php')
 3 SYSTEMPATH\View\View.php(231): CodeIgniter\View\View->CodeIgniter\View\{closure}()
 4 SYSTEMPATH\Common.php(1190): CodeIgniter\View\View->render('products/index', [], true)
 5 APPPATH\Controllers\ProductController.php(22): view('products/index', [...])
 6 SYSTEMPATH\CodeIgniter.php(942): App\Controllers\ProductController->index()
 7 SYSTEMPATH\CodeIgniter.php(502): CodeIgniter\CodeIgniter->runController(Object(App\Controllers\ProductController))
 8 SYSTEMPATH\CodeIgniter.php(361): CodeIgniter\CodeIgniter->handleRequest(null, Object(Config\Cache), false)
 9 FCPATH\index.php(79): CodeIgniter\CodeIgniter->run()
10 SYSTEMPATH\Commands\Server\rewrite.php(47): require_once('D:\\server\\xampp\\htdocs\\wdpf55_ci\\ci_project\\public\\index.php')
INFO - 2023-12-04 04:19:16 --> Session: Class initialized using 'CodeIgniter\Session\Handlers\FileHandler' driver.
CRITICAL - 2023-12-04 04:19:16 --> Undefined variable: item
in APPPATH\Views\products\index.php on line 100.
 1 APPPATH\Views\products\index.php(100): CodeIgniter\Debug\Exceptions->errorHandler(8, 'Undefined variable: item', 'D:\\server\\xampp\\htdocs\\wdpf55_ci\\ci_project\\app\\Views\\products\\index.php', 100, [...])
 2 SYSTEMPATH\View\View.php(228): include('D:\\server\\xampp\\htdocs\\wdpf55_ci\\ci_project\\app\\Views\\products\\index.php')
 3 SYSTEMPATH\View\View.php(231): CodeIgniter\View\View->CodeIgniter\View\{closure}()
 4 SYSTEMPATH\Common.php(1190): CodeIgniter\View\View->render('products/index', [], true)
 5 APPPATH\Controllers\ProductController.php(22): view('products/index', [...])
 6 SYSTEMPATH\CodeIgniter.php(942): App\Controllers\ProductController->index()
 7 SYSTEMPATH\CodeIgniter.php(502): CodeIgniter\CodeIgniter->runController(Object(App\Controllers\ProductController))
 8 SYSTEMPATH\CodeIgniter.php(361): CodeIgniter\CodeIgniter->handleRequest(null, Object(Config\Cache), false)
 9 FCPATH\index.php(79): CodeIgniter\CodeIgniter->run()
10 SYSTEMPATH\Commands\Server\rewrite.php(47): require_once('D:\\server\\xampp\\htdocs\\wdpf55_ci\\ci_project\\public\\index.php')
INFO - 2023-12-04 04:19:17 --> Session: Class initialized using 'CodeIgniter\Session\Handlers\FileHandler' driver.
CRITICAL - 2023-12-04 04:19:17 --> Undefined variable: item
in APPPATH\Views\products\index.php on line 100.
 1 APPPATH\Views\products\index.php(100): CodeIgniter\Debug\Exceptions->errorHandler(8, 'Undefined variable: item', 'D:\\server\\xampp\\htdocs\\wdpf55_ci\\ci_project\\app\\Views\\products\\index.php', 100, [...])
 2 SYSTEMPATH\View\View.php(228): include('D:\\server\\xampp\\htdocs\\wdpf55_ci\\ci_project\\app\\Views\\products\\index.php')
 3 SYSTEMPATH\View\View.php(231): CodeIgniter\View\View->CodeIgniter\View\{closure}()
 4 SYSTEMPATH\Common.php(1190): CodeIgniter\View\View->render('products/index', [], true)
 5 APPPATH\Controllers\ProductController.php(22): view('products/index', [...])
 6 SYSTEMPATH\CodeIgniter.php(942): App\Controllers\ProductController->index()
 7 SYSTEMPATH\CodeIgniter.php(502): CodeIgniter\CodeIgniter->runController(Object(App\Controllers\ProductController))
 8 SYSTEMPATH\CodeIgniter.php(361): CodeIgniter\CodeIgniter->handleRequest(null, Object(Config\Cache), false)
 9 FCPATH\index.php(79): CodeIgniter\CodeIgniter->run()
10 SYSTEMPATH\Commands\Server\rewrite.php(47): require_once('D:\\server\\xampp\\htdocs\\wdpf55_ci\\ci_project\\public\\index.php')
INFO - 2023-12-04 04:19:17 --> Session: Class initialized using 'CodeIgniter\Session\Handlers\FileHandler' driver.
CRITICAL - 2023-12-04 04:19:17 --> Undefined variable: item
in APPPATH\Views\products\index.php on line 100.
 1 APPPATH\Views\products\index.php(100): CodeIgniter\Debug\Exceptions->errorHandler(8, 'Undefined variable: item', 'D:\\server\\xampp\\htdocs\\wdpf55_ci\\ci_project\\app\\Views\\products\\index.php', 100, [...])
 2 SYSTEMPATH\View\View.php(228): include('D:\\server\\xampp\\htdocs\\wdpf55_ci\\ci_project\\app\\Views\\products\\index.php')
 3 SYSTEMPATH\View\View.php(231): CodeIgniter\View\View->CodeIgniter\View\{closure}()
 4 SYSTEMPATH\Common.php(1190): CodeIgniter\View\View->render('products/index', [], true)
 5 APPPATH\Controllers\ProductController.php(22): view('products/index', [...])
 6 SYSTEMPATH\CodeIgniter.php(942): App\Controllers\ProductController->index()
 7 SYSTEMPATH\CodeIgniter.php(502): CodeIgniter\CodeIgniter->runController(Object(App\Controllers\ProductController))
 8 SYSTEMPATH\CodeIgniter.php(361): CodeIgniter\CodeIgniter->handleRequest(null, Object(Config\Cache), false)
 9 FCPATH\index.php(79): CodeIgniter\CodeIgniter->run()
10 SYSTEMPATH\Commands\Server\rewrite.php(47): require_once('D:\\server\\xampp\\htdocs\\wdpf55_ci\\ci_project\\public\\index.php')
INFO - 2023-12-04 04:19:17 --> Session: Class initialized using 'CodeIgniter\Session\Handlers\FileHandler' driver.
CRITICAL - 2023-12-04 04:19:17 --> Undefined variable: item
in APPPATH\Views\products\index.php on line 100.
 1 APPPATH\Views\products\index.php(100): CodeIgniter\Debug\Exceptions->errorHandler(8, 'Undefined variable: item', 'D:\\server\\xampp\\htdocs\\wdpf55_ci\\ci_project\\app\\Views\\products\\index.php', 100, [...])
 2 SYSTEMPATH\View\View.php(228): include('D:\\server\\xampp\\htdocs\\wdpf55_ci\\ci_project\\app\\Views\\products\\index.php')
 3 SYSTEMPATH\View\View.php(231): CodeIgniter\View\View->CodeIgniter\View\{closure}()
 4 SYSTEMPATH\Common.php(1190): CodeIgniter\View\View->render('products/index', [], true)
 5 APPPATH\Controllers\ProductController.php(22): view('products/index', [...])
 6 SYSTEMPATH\CodeIgniter.php(942): App\Controllers\ProductController->index()
 7 SYSTEMPATH\CodeIgniter.php(502): CodeIgniter\CodeIgniter->runController(Object(App\Controllers\ProductController))
 8 SYSTEMPATH\CodeIgniter.php(361): CodeIgniter\CodeIgniter->handleRequest(null, Object(Config\Cache), false)
 9 FCPATH\index.php(79): CodeIgniter\CodeIgniter->run()
10 SYSTEMPATH\Commands\Server\rewrite.php(47): require_once('D:\\server\\xampp\\htdocs\\wdpf55_ci\\ci_project\\public\\index.php')
INFO - 2023-12-04 04:19:17 --> Session: Class initialized using 'CodeIgniter\Session\Handlers\FileHandler' driver.
CRITICAL - 2023-12-04 04:19:17 --> Undefined variable: item
in APPPATH\Views\products\index.php on line 100.
 1 APPPATH\Views\products\index.php(100): CodeIgniter\Debug\Exceptions->errorHandler(8, 'Undefined variable: item', 'D:\\server\\xampp\\htdocs\\wdpf55_ci\\ci_project\\app\\Views\\products\\index.php', 100, [...])
 2 SYSTEMPATH\View\View.php(228): include('D:\\server\\xampp\\htdocs\\wdpf55_ci\\ci_project\\app\\Views\\products\\index.php')
 3 SYSTEMPATH\View\View.php(231): CodeIgniter\View\View->CodeIgniter\View\{closure}()
 4 SYSTEMPATH\Common.php(1190): CodeIgniter\View\View->render('products/index', [], true)
 5 APPPATH\Controllers\ProductController.php(22): view('products/index', [...])
 6 SYSTEMPATH\CodeIgniter.php(942): App\Controllers\ProductController->index()
 7 SYSTEMPATH\CodeIgniter.php(502): CodeIgniter\CodeIgniter->runController(Object(App\Controllers\ProductController))
 8 SYSTEMPATH\CodeIgniter.php(361): CodeIgniter\CodeIgniter->handleRequest(null, Object(Config\Cache), false)
 9 FCPATH\index.php(79): CodeIgniter\CodeIgniter->run()
10 SYSTEMPATH\Commands\Server\rewrite.php(47): require_once('D:\\server\\xampp\\htdocs\\wdpf55_ci\\ci_project\\public\\index.php')
INFO - 2023-12-04 04:19:18 --> Session: Class initialized using 'CodeIgniter\Session\Handlers\FileHandler' driver.
CRITICAL - 2023-12-04 04:19:18 --> Undefined variable: item
in APPPATH\Views\products\index.php on line 100.
 1 APPPATH\Views\products\index.php(100): CodeIgniter\Debug\Exceptions->errorHandler(8, 'Undefined variable: item', 'D:\\server\\xampp\\htdocs\\wdpf55_ci\\ci_project\\app\\Views\\products\\index.php', 100, [...])
 2 SYSTEMPATH\View\View.php(228): include('D:\\server\\xampp\\htdocs\\wdpf55_ci\\ci_project\\app\\Views\\products\\index.php')
 3 SYSTEMPATH\View\View.php(231): CodeIgniter\View\View->CodeIgniter\View\{closure}()
 4 SYSTEMPATH\Common.php(1190): CodeIgniter\View\View->render('products/index', [], true)
 5 APPPATH\Controllers\ProductController.php(22): view('products/index', [...])
 6 SYSTEMPATH\CodeIgniter.php(942): App\Controllers\ProductController->index()
 7 SYSTEMPATH\CodeIgniter.php(502): CodeIgniter\CodeIgniter->runController(Object(App\Controllers\ProductController))
 8 SYSTEMPATH\CodeIgniter.php(361): CodeIgniter\CodeIgniter->handleRequest(null, Object(Config\Cache), false)
 9 FCPATH\index.php(79): CodeIgniter\CodeIgniter->run()
10 SYSTEMPATH\Commands\Server\rewrite.php(47): require_once('D:\\server\\xampp\\htdocs\\wdpf55_ci\\ci_project\\public\\index.php')
INFO - 2023-12-04 04:20:06 --> Session: Class initialized using 'CodeIgniter\Session\Handlers\FileHandler' driver.
INFO - 2023-12-04 04:20:13 --> Session: Class initialized using 'CodeIgniter\Session\Handlers\FileHandler' driver.
INFO - 2023-12-04 04:35:05 --> Session: Class initialized using 'CodeIgniter\Session\Handlers\FileHandler' driver.
INFO - 2023-12-04 04:35:21 --> Session: Class initialized using 'CodeIgniter\Session\Handlers\FileHandler' driver.
ERROR - 2023-12-04 04:39:23 --> mysqli_sql_exception: Unknown column 'id' in 'where clause' in D:\server\xampp\htdocs\wdpf55_ci\ci_project\system\Database\MySQLi\Connection.php:306
Stack trace:
#0 D:\server\xampp\htdocs\wdpf55_ci\ci_project\system\Database\MySQLi\Connection.php(306): mysqli->query('DELETE FROM `pr...', 0)
#1 D:\server\xampp\htdocs\wdpf55_ci\ci_project\system\Database\BaseConnection.php(693): CodeIgniter\Database\MySQLi\Connection->execute('DELETE FROM `pr...')
#2 D:\server\xampp\htdocs\wdpf55_ci\ci_project\system\Database\BaseConnection.php(607): CodeIgniter\Database\BaseConnection->simpleQuery('DELETE FROM `pr...')
#3 D:\server\xampp\htdocs\wdpf55_ci\ci_project\system\Database\BaseBuilder.php(2790): CodeIgniter\Database\BaseConnection->query('DELETE FROM `pr...', Array, false)
#4 D:\server\xampp\htdocs\wdpf55_ci\ci_project\system\Model.php(445): CodeIgniter\Database\BaseBuilder->delete()
#5 D:\server\xampp\htdocs\wdpf55_ci\ci_project\system\BaseModel.php(1080): CodeIgniter\Model->doDelete(Array, true)
#6 D:\server\xampp\htdocs\wdpf55_ci\ci_project\app\Controllers\ProductController.php(61): CodeIgniter\BaseModel->delete(Array, true)
#7 D:\server\xampp\htdocs\wdpf55_ci\ci_project\system\CodeIgniter.php(942): App\Controllers\ProductController->delete('8')
#8 D:\server\xampp\htdocs\wdpf55_ci\ci_project\system\CodeIgniter.php(502): CodeIgniter\CodeIgniter->runController(Object(App\Controllers\ProductController))
#9 D:\server\xampp\htdocs\wdpf55_ci\ci_project\system\CodeIgniter.php(361): CodeIgniter\CodeIgniter->handleRequest(NULL, Object(Config\Cache), false)
#10 D:\server\xampp\htdocs\wdpf55_ci\ci_project\public\index.php(79): CodeIgniter\CodeIgniter->run()
#11 D:\server\xampp\htdocs\wdpf55_ci\ci_project\system\Commands\Server\rewrite.php(47): require_once('D:\\server\\xampp...')
#12 {main}
CRITICAL - 2023-12-04 04:39:23 --> Unknown column 'id' in 'where clause'
in SYSTEMPATH\Database\BaseConnection.php on line 647.
 1 SYSTEMPATH\Database\BaseBuilder.php(2790): CodeIgniter\Database\BaseConnection->query('DELETE FROM `products`
WHERE `id` IN :id:', [...], false)
 2 SYSTEMPATH\Model.php(445): CodeIgniter\Database\BaseBuilder->delete()
 3 SYSTEMPATH\BaseModel.php(1080): CodeIgniter\Model->doDelete([...], true)
 4 APPPATH\Controllers\ProductController.php(61): CodeIgniter\BaseModel->delete([...], true)
 5 SYSTEMPATH\CodeIgniter.php(942): App\Controllers\ProductController->delete('8')
 6 SYSTEMPATH\CodeIgniter.php(502): CodeIgniter\CodeIgniter->runController(Object(App\Controllers\ProductController))
 7 SYSTEMPATH\CodeIgniter.php(361): CodeIgniter\CodeIgniter->handleRequest(null, Object(Config\Cache), false)
 8 FCPATH\index.php(79): CodeIgniter\CodeIgniter->run()
 9 SYSTEMPATH\Commands\Server\rewrite.php(47): require_once('D:\\server\\xampp\\htdocs\\wdpf55_ci\\ci_project\\public\\index.php')
ERROR - 2023-12-04 04:40:30 --> mysqli_sql_exception: Unknown column 'id' in 'where clause' in D:\server\xampp\htdocs\wdpf55_ci\ci_project\system\Database\MySQLi\Connection.php:306
Stack trace:
#0 D:\server\xampp\htdocs\wdpf55_ci\ci_project\system\Database\MySQLi\Connection.php(306): mysqli->query('DELETE FROM `pr...', 0)
#1 D:\server\xampp\htdocs\wdpf55_ci\ci_project\system\Database\BaseConnection.php(693): CodeIgniter\Database\MySQLi\Connection->execute('DELETE FROM `pr...')
#2 D:\server\xampp\htdocs\wdpf55_ci\ci_project\system\Database\BaseConnection.php(607): CodeIgniter\Database\BaseConnection->simpleQuery('DELETE FROM `pr...')
#3 D:\server\xampp\htdocs\wdpf55_ci\ci_project\system\Database\BaseBuilder.php(2790): CodeIgniter\Database\BaseConnection->query('DELETE FROM `pr...', Array, false)
#4 D:\server\xampp\htdocs\wdpf55_ci\ci_project\system\Model.php(445): CodeIgniter\Database\BaseBuilder->delete()
#5 D:\server\xampp\htdocs\wdpf55_ci\ci_project\system\BaseModel.php(1080): CodeIgniter\Model->doDelete(Array, false)
#6 D:\server\xampp\htdocs\wdpf55_ci\ci_project\app\Controllers\ProductController.php(61): CodeIgniter\BaseModel->delete(Array)
#7 D:\server\xampp\htdocs\wdpf55_ci\ci_project\system\CodeIgniter.php(942): App\Controllers\ProductController->delete('8')
#8 D:\server\xampp\htdocs\wdpf55_ci\ci_project\system\CodeIgniter.php(502): CodeIgniter\CodeIgniter->runController(Object(App\Controllers\ProductController))
#9 D:\server\xampp\htdocs\wdpf55_ci\ci_project\system\CodeIgniter.php(361): CodeIgniter\CodeIgniter->handleRequest(NULL, Object(Config\Cache), false)
#10 D:\server\xampp\htdocs\wdpf55_ci\ci_project\public\index.php(79): CodeIgniter\CodeIgniter->run()
#11 D:\server\xampp\htdocs\wdpf55_ci\ci_project\system\Commands\Server\rewrite.php(47): require_once('D:\\server\\xampp...')
#12 {main}
CRITICAL - 2023-12-04 04:40:30 --> Unknown column 'id' in 'where clause'
in SYSTEMPATH\Database\BaseConnection.php on line 647.
 1 SYSTEMPATH\Database\BaseBuilder.php(2790): CodeIgniter\Database\BaseConnection->query('DELETE FROM `products`
WHERE `id` IN :id:', [...], false)
 2 SYSTEMPATH\Model.php(445): CodeIgniter\Database\BaseBuilder->delete()
 3 SYSTEMPATH\BaseModel.php(1080): CodeIgniter\Model->doDelete([...], false)
 4 APPPATH\Controllers\ProductController.php(61): CodeIgniter\BaseModel->delete([...])
 5 SYSTEMPATH\CodeIgniter.php(942): App\Controllers\ProductController->delete('8')
 6 SYSTEMPATH\CodeIgniter.php(502): CodeIgniter\CodeIgniter->runController(Object(App\Controllers\ProductController))
 7 SYSTEMPATH\CodeIgniter.php(361): CodeIgniter\CodeIgniter->handleRequest(null, Object(Config\Cache), false)
 8 FCPATH\index.php(79): CodeIgniter\CodeIgniter->run()
 9 SYSTEMPATH\Commands\Server\rewrite.php(47): require_once('D:\\server\\xampp\\htdocs\\wdpf55_ci\\ci_project\\public\\index.php')
INFO - 2023-12-04 04:40:43 --> Session: Class initialized using 'CodeIgniter\Session\Handlers\FileHandler' driver.
INFO - 2023-12-04 04:40:45 --> Session: Class initialized using 'CodeIgniter\Session\Handlers\FileHandler' driver.
ERROR - 2023-12-04 04:40:49 --> mysqli_sql_exception: Unknown column 'id' in 'where clause' in D:\server\xampp\htdocs\wdpf55_ci\ci_project\system\Database\MySQLi\Connection.php:306
Stack trace:
#0 D:\server\xampp\htdocs\wdpf55_ci\ci_project\system\Database\MySQLi\Connection.php(306): mysqli->query('DELETE FROM `pr...', 0)
#1 D:\server\xampp\htdocs\wdpf55_ci\ci_project\system\Database\BaseConnection.php(693): CodeIgniter\Database\MySQLi\Connection->execute('DELETE FROM `pr...')
#2 D:\server\xampp\htdocs\wdpf55_ci\ci_project\system\Database\BaseConnection.php(607): CodeIgniter\Database\BaseConnection->simpleQuery('DELETE FROM `pr...')
#3 D:\server\xampp\htdocs\wdpf55_ci\ci_project\system\Database\BaseBuilder.php(2790): CodeIgniter\Database\BaseConnection->query('DELETE FROM `pr...', Array, false)
#4 D:\server\xampp\htdocs\wdpf55_ci\ci_project\system\Model.php(445): CodeIgniter\Database\BaseBuilder->delete()
#5 D:\server\xampp\htdocs\wdpf55_ci\ci_project\system\BaseModel.php(1080): CodeIgniter\Model->doDelete(Array, false)
#6 D:\server\xampp\htdocs\wdpf55_ci\ci_project\app\Controllers\ProductController.php(61): CodeIgniter\BaseModel->delete(Array)
#7 D:\server\xampp\htdocs\wdpf55_ci\ci_project\system\CodeIgniter.php(942): App\Controllers\ProductController->delete('1')
#8 D:\server\xampp\htdocs\wdpf55_ci\ci_project\system\CodeIgniter.php(502): CodeIgniter\CodeIgniter->runController(Object(App\Controllers\ProductController))
#9 D:\server\xampp\htdocs\wdpf55_ci\ci_project\system\CodeIgniter.php(361): CodeIgniter\CodeIgniter->handleRequest(NULL, Object(Config\Cache), false)
#10 D:\server\xampp\htdocs\wdpf55_ci\ci_project\public\index.php(79): CodeIgniter\CodeIgniter->run()
#11 D:\server\xampp\htdocs\wdpf55_ci\ci_project\system\Commands\Server\rewrite.php(47): require_once('D:\\server\\xampp...')
#12 {main}
CRITICAL - 2023-12-04 04:40:49 --> Unknown column 'id' in 'where clause'
in SYSTEMPATH\Database\BaseConnection.php on line 647.
 1 SYSTEMPATH\Database\BaseBuilder.php(2790): CodeIgniter\Database\BaseConnection->query('DELETE FROM `products`
WHERE `id` IN :id:', [...], false)
 2 SYSTEMPATH\Model.php(445): CodeIgniter\Database\BaseBuilder->delete()
 3 SYSTEMPATH\BaseModel.php(1080): CodeIgniter\Model->doDelete([...], false)
 4 APPPATH\Controllers\ProductController.php(61): CodeIgniter\BaseModel->delete([...])
 5 SYSTEMPATH\CodeIgniter.php(942): App\Controllers\ProductController->delete('1')
 6 SYSTEMPATH\CodeIgniter.php(502): CodeIgniter\CodeIgniter->runController(Object(App\Controllers\ProductController))
 7 SYSTEMPATH\CodeIgniter.php(361): CodeIgniter\CodeIgniter->handleRequest(null, Object(Config\Cache), false)
 8 FCPATH\index.php(79): CodeIgniter\CodeIgniter->run()
 9 SYSTEMPATH\Commands\Server\rewrite.php(47): require_once('D:\\server\\xampp\\htdocs\\wdpf55_ci\\ci_project\\public\\index.php')
CRITICAL - 2023-12-04 04:43:10 --> The route for "product" cannot be found.
in SYSTEMPATH\HTTP\RedirectResponse.php on line 62.
 1 SYSTEMPATH\HTTP\RedirectResponse.php(62): CodeIgniter\HTTP\Exceptions\HTTPException::forInvalidRedirectRoute('product')
 2 SYSTEMPATH\Common.php(878): CodeIgniter\HTTP\RedirectResponse->route(false)
 3 APPPATH\Controllers\ProductController.php(62): redirect('product')
 4 SYSTEMPATH\CodeIgniter.php(942): App\Controllers\ProductController->delete('1')
 5 SYSTEMPATH\CodeIgniter.php(502): CodeIgniter\CodeIgniter->runController(Object(App\Controllers\ProductController))
 6 SYSTEMPATH\CodeIgniter.php(361): CodeIgniter\CodeIgniter->handleRequest(null, Object(Config\Cache), false)
 7 FCPATH\index.php(79): CodeIgniter\CodeIgniter->run()
 8 SYSTEMPATH\Commands\Server\rewrite.php(47): require_once('D:\\server\\xampp\\htdocs\\wdpf55_ci\\ci_project\\public\\index.php')
CRITICAL - 2023-12-04 04:43:14 --> The route for "product" cannot be found.
in SYSTEMPATH\HTTP\RedirectResponse.php on line 62.
 1 SYSTEMPATH\HTTP\RedirectResponse.php(62): CodeIgniter\HTTP\Exceptions\HTTPException::forInvalidRedirectRoute('product')
 2 SYSTEMPATH\Common.php(878): CodeIgniter\HTTP\RedirectResponse->route(false)
 3 APPPATH\Controllers\ProductController.php(62): redirect('product')
 4 SYSTEMPATH\CodeIgniter.php(942): App\Controllers\ProductController->delete('1')
 5 SYSTEMPATH\CodeIgniter.php(502): CodeIgniter\CodeIgniter->runController(Object(App\Controllers\ProductController))
 6 SYSTEMPATH\CodeIgniter.php(361): CodeIgniter\CodeIgniter->handleRequest(null, Object(Config\Cache), false)
 7 FCPATH\index.php(79): CodeIgniter\CodeIgniter->run()
 8 SYSTEMPATH\Commands\Server\rewrite.php(47): require_once('D:\\server\\xampp\\htdocs\\wdpf55_ci\\ci_project\\public\\index.php')
INFO - 2023-12-04 04:43:31 --> Session: Class initialized using 'CodeIgniter\Session\Handlers\FileHandler' driver.
INFO - 2023-12-04 04:43:39 --> Session: Class initialized using 'CodeIgniter\Session\Handlers\FileHandler' driver.
INFO - 2023-12-04 04:44:23 --> Session: Class initialized using 'CodeIgniter\Session\Handlers\FileHandler' driver.
INFO - 2023-12-04 04:45:34 --> Session: Class initialized using 'CodeIgniter\Session\Handlers\FileHandler' driver.
INFO - 2023-12-04 04:47:03 --> Session: Class initialized using 'CodeIgniter\Session\Handlers\FileHandler' driver.
INFO - 2023-12-04 04:51:43 --> Session: Class initialized using 'CodeIgniter\Session\Handlers\FileHandler' driver.
INFO - 2023-12-04 04:51:43 --> Session: Class initialized using 'CodeIgniter\Session\Handlers\FileHandler' driver.
INFO - 2023-12-04 04:51:44 --> Session: Class initialized using 'CodeIgniter\Session\Handlers\FileHandler' driver.
INFO - 2023-12-04 04:51:44 --> Session: Class initialized using 'CodeIgniter\Session\Handlers\FileHandler' driver.
ERROR - 2023-12-04 04:56:33 --> Error connecting to the database: mysqli_sql_exception: No connection could be made because the target machine actively refused it.
 in D:\server\xampp\htdocs\wdpf55_ci\ci_project\system\Database\MySQLi\Connection.php:185
Stack trace:
#0 D:\server\xampp\htdocs\wdpf55_ci\ci_project\system\Database\MySQLi\Connection.php(185): mysqli->real_connect('localhost', 'root', '', 'wdpf55_ciprojec...', 3306, '', 0)
#1 D:\server\xampp\htdocs\wdpf55_ci\ci_project\system\Database\BaseConnection.php(392): CodeIgniter\Database\MySQLi\Connection->connect(false)
#2 D:\server\xampp\htdocs\wdpf55_ci\ci_project\system\Database\BaseConnection.php(575): CodeIgniter\Database\BaseConnection->initialize()
#3 D:\server\xampp\htdocs\wdpf55_ci\ci_project\system\Database\BaseBuilder.php(1615): CodeIgniter\Database\BaseConnection->query('SELECT *\nFROM `...', Array, false)
#4 D:\server\xampp\htdocs\wdpf55_ci\ci_project\system\Model.php(237): CodeIgniter\Database\BaseBuilder->get()
#5 D:\server\xampp\htdocs\wdpf55_ci\ci_project\system\BaseModel.php(624): CodeIgniter\Model->doFindAll(0, 0)
#6 D:\server\xampp\htdocs\wdpf55_ci\ci_project\app\Controllers\ProductController.php(19): CodeIgniter\BaseModel->findAll()
#7 D:\server\xampp\htdocs\wdpf55_ci\ci_project\system\CodeIgniter.php(942): App\Controllers\ProductController->index()
#8 D:\server\xampp\htdocs\wdpf55_ci\ci_project\system\CodeIgniter.php(502): CodeIgniter\CodeIgniter->runController(Object(App\Controllers\ProductController))
#9 D:\server\xampp\htdocs\wdpf55_ci\ci_project\system\CodeIgniter.php(361): CodeIgniter\CodeIgniter->handleRequest(NULL, Object(Config\Cache), false)
#10 D:\server\xampp\htdocs\wdpf55_ci\ci_project\public\index.php(79): CodeIgniter\CodeIgniter->run()
#11 D:\server\xampp\htdocs\wdpf55_ci\ci_project\system\Commands\Server\rewrite.php(47): require_once('D:\\server\\xampp...')
#12 {main}

Next CodeIgniter\Database\Exceptions\DatabaseException: No connection could be made because the target machine actively refused it.
 in D:\server\xampp\htdocs\wdpf55_ci\ci_project\system\Database\MySQLi\Connection.php:229
Stack trace:
#0 D:\server\xampp\htdocs\wdpf55_ci\ci_project\system\Database\BaseConnection.php(392): CodeIgniter\Database\MySQLi\Connection->connect(false)
#1 D:\server\xampp\htdocs\wdpf55_ci\ci_project\system\Database\BaseConnection.php(575): CodeIgniter\Database\BaseConnection->initialize()
#2 D:\server\xampp\htdocs\wdpf55_ci\ci_project\system\Database\BaseBuilder.php(1615): CodeIgniter\Database\BaseConnection->query('SELECT *\nFROM `...', Array, false)
#3 D:\server\xampp\htdocs\wdpf55_ci\ci_project\system\Model.php(237): CodeIgniter\Database\BaseBuilder->get()
#4 D:\server\xampp\htdocs\wdpf55_ci\ci_project\system\BaseModel.php(624): CodeIgniter\Model->doFindAll(0, 0)
#5 D:\server\xampp\htdocs\wdpf55_ci\ci_project\app\Controllers\ProductController.php(19): CodeIgniter\BaseModel->findAll()
#6 D:\server\xampp\htdocs\wdpf55_ci\ci_project\system\CodeIgniter.php(942): App\Controllers\ProductController->index()
#7 D:\server\xampp\htdocs\wdpf55_ci\ci_project\system\CodeIgniter.php(502): CodeIgniter\CodeIgniter->runController(Object(App\Controllers\ProductController))
#8 D:\server\xampp\htdocs\wdpf55_ci\ci_project\system\CodeIgniter.php(361): CodeIgniter\CodeIgniter->handleRequest(NULL, Object(Config\Cache), false)
#9 D:\server\xampp\htdocs\wdpf55_ci\ci_project\public\index.php(79): CodeIgniter\CodeIgniter->run()
#10 D:\server\xampp\htdocs\wdpf55_ci\ci_project\system\Commands\Server\rewrite.php(47): require_once('D:\\server\\xampp...')
#11 {main}
CRITICAL - 2023-12-04 04:56:33 --> Unable to connect to the database.
Main connection [MySQLi]: No connection could be made because the target machine actively refused it.

in SYSTEMPATH\Database\BaseConnection.php on line 428.
 1 SYSTEMPATH\Database\BaseConnection.php(575): CodeIgniter\Database\BaseConnection->initialize()
 2 SYSTEMPATH\Database\BaseBuilder.php(1615): CodeIgniter\Database\BaseConnection->query('SELECT *
FROM `products`', [], false)
 3 SYSTEMPATH\Model.php(237): CodeIgniter\Database\BaseBuilder->get()
 4 SYSTEMPATH\BaseModel.php(624): CodeIgniter\Model->doFindAll(0, 0)
 5 APPPATH\Controllers\ProductController.php(19): CodeIgniter\BaseModel->findAll()
 6 SYSTEMPATH\CodeIgniter.php(942): App\Controllers\ProductController->index()
 7 SYSTEMPATH\CodeIgniter.php(502): CodeIgniter\CodeIgniter->runController(Object(App\Controllers\ProductController))
 8 SYSTEMPATH\CodeIgniter.php(361): CodeIgniter\CodeIgniter->handleRequest(null, Object(Config\Cache), false)
 9 FCPATH\index.php(79): CodeIgniter\CodeIgniter->run()
10 SYSTEMPATH\Commands\Server\rewrite.php(47): require_once('D:\\server\\xampp\\htdocs\\wdpf55_ci\\ci_project\\public\\index.php')
ERROR - 2023-12-04 05:12:12 --> Error connecting to the database: mysqli_sql_exception: No connection could be made because the target machine actively refused it.
 in D:\server\xampp\htdocs\wdpf55_ci\ci_project\system\Database\MySQLi\Connection.php:185
Stack trace:
#0 D:\server\xampp\htdocs\wdpf55_ci\ci_project\system\Database\MySQLi\Connection.php(185): mysqli->real_connect('localhost', 'root', '', 'wdpf55_ciprojec...', 3306, '', 0)
#1 D:\server\xampp\htdocs\wdpf55_ci\ci_project\system\Database\BaseConnection.php(392): CodeIgniter\Database\MySQLi\Connection->connect(false)
#2 D:\server\xampp\htdocs\wdpf55_ci\ci_project\system\Database\BaseConnection.php(575): CodeIgniter\Database\BaseConnection->initialize()
#3 D:\server\xampp\htdocs\wdpf55_ci\ci_project\system\Database\BaseBuilder.php(1615): CodeIgniter\Database\BaseConnection->query('SELECT *\nFROM `...', Array, false)
#4 D:\server\xampp\htdocs\wdpf55_ci\ci_project\system\Model.php(237): CodeIgniter\Database\BaseBuilder->get()
#5 D:\server\xampp\htdocs\wdpf55_ci\ci_project\system\BaseModel.php(624): CodeIgniter\Model->doFindAll(0, 0)
#6 D:\server\xampp\htdocs\wdpf55_ci\ci_project\app\Controllers\ProductController.php(19): CodeIgniter\BaseModel->findAll()
#7 D:\server\xampp\htdocs\wdpf55_ci\ci_project\system\CodeIgniter.php(942): App\Controllers\ProductController->index()
#8 D:\server\xampp\htdocs\wdpf55_ci\ci_project\system\CodeIgniter.php(502): CodeIgniter\CodeIgniter->runController(Object(App\Controllers\ProductController))
#9 D:\server\xampp\htdocs\wdpf55_ci\ci_project\system\CodeIgniter.php(361): CodeIgniter\CodeIgniter->handleRequest(NULL, Object(Config\Cache), false)
#10 D:\server\xampp\htdocs\wdpf55_ci\ci_project\public\index.php(79): CodeIgniter\CodeIgniter->run()
#11 D:\server\xampp\htdocs\wdpf55_ci\ci_project\system\Commands\Server\rewrite.php(47): require_once('D:\\server\\xampp...')
#12 {main}

Next CodeIgniter\Database\Exceptions\DatabaseException: No connection could be made because the target machine actively refused it.
 in D:\server\xampp\htdocs\wdpf55_ci\ci_project\system\Database\MySQLi\Connection.php:229
Stack trace:
#0 D:\server\xampp\htdocs\wdpf55_ci\ci_project\system\Database\BaseConnection.php(392): CodeIgniter\Database\MySQLi\Connection->connect(false)
#1 D:\server\xampp\htdocs\wdpf55_ci\ci_project\system\Database\BaseConnection.php(575): CodeIgniter\Database\BaseConnection->initialize()
#2 D:\server\xampp\htdocs\wdpf55_ci\ci_project\system\Database\BaseBuilder.php(1615): CodeIgniter\Database\BaseConnection->query('SELECT *\nFROM `...', Array, false)
#3 D:\server\xampp\htdocs\wdpf55_ci\ci_project\system\Model.php(237): CodeIgniter\Database\BaseBuilder->get()
#4 D:\server\xampp\htdocs\wdpf55_ci\ci_project\system\BaseModel.php(624): CodeIgniter\Model->doFindAll(0, 0)
#5 D:\server\xampp\htdocs\wdpf55_ci\ci_project\app\Controllers\ProductController.php(19): CodeIgniter\BaseModel->findAll()
#6 D:\server\xampp\htdocs\wdpf55_ci\ci_project\system\CodeIgniter.php(942): App\Controllers\ProductController->index()
#7 D:\server\xampp\htdocs\wdpf55_ci\ci_project\system\CodeIgniter.php(502): CodeIgniter\CodeIgniter->runController(Object(App\Controllers\ProductController))
#8 D:\server\xampp\htdocs\wdpf55_ci\ci_project\system\CodeIgniter.php(361): CodeIgniter\CodeIgniter->handleRequest(NULL, Object(Config\Cache), false)
#9 D:\server\xampp\htdocs\wdpf55_ci\ci_project\public\index.php(79): CodeIgniter\CodeIgniter->run()
#10 D:\server\xampp\htdocs\wdpf55_ci\ci_project\system\Commands\Server\rewrite.php(47): require_once('D:\\server\\xampp...')
#11 {main}
CRITICAL - 2023-12-04 05:12:12 --> Unable to connect to the database.
Main connection [MySQLi]: No connection could be made because the target machine actively refused it.

in SYSTEMPATH\Database\BaseConnection.php on line 428.
 1 SYSTEMPATH\Database\BaseConnection.php(575): CodeIgniter\Database\BaseConnection->initialize()
 2 SYSTEMPATH\Database\BaseBuilder.php(1615): CodeIgniter\Database\BaseConnection->query('SELECT *
FROM `products`', [], false)
 3 SYSTEMPATH\Model.php(237): CodeIgniter\Database\BaseBuilder->get()
 4 SYSTEMPATH\BaseModel.php(624): CodeIgniter\Model->doFindAll(0, 0)
 5 APPPATH\Controllers\ProductController.php(19): CodeIgniter\BaseModel->findAll()
 6 SYSTEMPATH\CodeIgniter.php(942): App\Controllers\ProductController->index()
 7 SYSTEMPATH\CodeIgniter.php(502): CodeIgniter\CodeIgniter->runController(Object(App\Controllers\ProductController))
 8 SYSTEMPATH\CodeIgniter.php(361): CodeIgniter\CodeIgniter->handleRequest(null, Object(Config\Cache), false)
 9 FCPATH\index.php(79): CodeIgniter\CodeIgniter->run()
10 SYSTEMPATH\Commands\Server\rewrite.php(47): require_once('D:\\server\\xampp\\htdocs\\wdpf55_ci\\ci_project\\public\\index.php')
ERROR - 2023-12-04 05:12:16 --> Error connecting to the database: mysqli_sql_exception: No connection could be made because the target machine actively refused it.
 in D:\server\xampp\htdocs\wdpf55_ci\ci_project\system\Database\MySQLi\Connection.php:185
Stack trace:
#0 D:\server\xampp\htdocs\wdpf55_ci\ci_project\system\Database\MySQLi\Connection.php(185): mysqli->real_connect('localhost', 'root', '', 'wdpf55_ciprojec...', 3306, '', 0)
#1 D:\server\xampp\htdocs\wdpf55_ci\ci_project\system\Database\BaseConnection.php(392): CodeIgniter\Database\MySQLi\Connection->connect(false)
#2 D:\server\xampp\htdocs\wdpf55_ci\ci_project\system\Database\BaseConnection.php(575): CodeIgniter\Database\BaseConnection->initialize()
#3 D:\server\xampp\htdocs\wdpf55_ci\ci_project\system\Database\BaseBuilder.php(1615): CodeIgniter\Database\BaseConnection->query('SELECT *\nFROM `...', Array, false)
#4 D:\server\xampp\htdocs\wdpf55_ci\ci_project\system\Model.php(237): CodeIgniter\Database\BaseBuilder->get()
#5 D:\server\xampp\htdocs\wdpf55_ci\ci_project\system\BaseModel.php(624): CodeIgniter\Model->doFindAll(0, 0)
#6 D:\server\xampp\htdocs\wdpf55_ci\ci_project\app\Controllers\ProductController.php(19): CodeIgniter\BaseModel->findAll()
#7 D:\server\xampp\htdocs\wdpf55_ci\ci_project\system\CodeIgniter.php(942): App\Controllers\ProductController->index()
#8 D:\server\xampp\htdocs\wdpf55_ci\ci_project\system\CodeIgniter.php(502): CodeIgniter\CodeIgniter->runController(Object(App\Controllers\ProductController))
#9 D:\server\xampp\htdocs\wdpf55_ci\ci_project\system\CodeIgniter.php(361): CodeIgniter\CodeIgniter->handleRequest(NULL, Object(Config\Cache), false)
#10 D:\server\xampp\htdocs\wdpf55_ci\ci_project\public\index.php(79): CodeIgniter\CodeIgniter->run()
#11 D:\server\xampp\htdocs\wdpf55_ci\ci_project\system\Commands\Server\rewrite.php(47): require_once('D:\\server\\xampp...')
#12 {main}

Next CodeIgniter\Database\Exceptions\DatabaseException: No connection could be made because the target machine actively refused it.
 in D:\server\xampp\htdocs\wdpf55_ci\ci_project\system\Database\MySQLi\Connection.php:229
Stack trace:
#0 D:\server\xampp\htdocs\wdpf55_ci\ci_project\system\Database\BaseConnection.php(392): CodeIgniter\Database\MySQLi\Connection->connect(false)
#1 D:\server\xampp\htdocs\wdpf55_ci\ci_project\system\Database\BaseConnection.php(575): CodeIgniter\Database\BaseConnection->initialize()
#2 D:\server\xampp\htdocs\wdpf55_ci\ci_project\system\Database\BaseBuilder.php(1615): CodeIgniter\Database\BaseConnection->query('SELECT *\nFROM `...', Array, false)
#3 D:\server\xampp\htdocs\wdpf55_ci\ci_project\system\Model.php(237): CodeIgniter\Database\BaseBuilder->get()
#4 D:\server\xampp\htdocs\wdpf55_ci\ci_project\system\BaseModel.php(624): CodeIgniter\Model->doFindAll(0, 0)
#5 D:\server\xampp\htdocs\wdpf55_ci\ci_project\app\Controllers\ProductController.php(19): CodeIgniter\BaseModel->findAll()
#6 D:\server\xampp\htdocs\wdpf55_ci\ci_project\system\CodeIgniter.php(942): App\Controllers\ProductController->index()
#7 D:\server\xampp\htdocs\wdpf55_ci\ci_project\system\CodeIgniter.php(502): CodeIgniter\CodeIgniter->runController(Object(App\Controllers\ProductController))
#8 D:\server\xampp\htdocs\wdpf55_ci\ci_project\system\CodeIgniter.php(361): CodeIgniter\CodeIgniter->handleRequest(NULL, Object(Config\Cache), false)
#9 D:\server\xampp\htdocs\wdpf55_ci\ci_project\public\index.php(79): CodeIgniter\CodeIgniter->run()
#10 D:\server\xampp\htdocs\wdpf55_ci\ci_project\system\Commands\Server\rewrite.php(47): require_once('D:\\server\\xampp...')
#11 {main}
CRITICAL - 2023-12-04 05:12:16 --> Unable to connect to the database.
Main connection [MySQLi]: No connection could be made because the target machine actively refused it.

in SYSTEMPATH\Database\BaseConnection.php on line 428.
 1 SYSTEMPATH\Database\BaseConnection.php(575): CodeIgniter\Database\BaseConnection->initialize()
 2 SYSTEMPATH\Database\BaseBuilder.php(1615): CodeIgniter\Database\BaseConnection->query('SELECT *
FROM `products`', [], false)
 3 SYSTEMPATH\Model.php(237): CodeIgniter\Database\BaseBuilder->get()
 4 SYSTEMPATH\BaseModel.php(624): CodeIgniter\Model->doFindAll(0, 0)
 5 APPPATH\Controllers\ProductController.php(19): CodeIgniter\BaseModel->findAll()
 6 SYSTEMPATH\CodeIgniter.php(942): App\Controllers\ProductController->index()
 7 SYSTEMPATH\CodeIgniter.php(502): CodeIgniter\CodeIgniter->runController(Object(App\Controllers\ProductController))
 8 SYSTEMPATH\CodeIgniter.php(361): CodeIgniter\CodeIgniter->handleRequest(null, Object(Config\Cache), false)
 9 FCPATH\index.php(79): CodeIgniter\CodeIgniter->run()
10 SYSTEMPATH\Commands\Server\rewrite.php(47): require_once('D:\\server\\xampp\\htdocs\\wdpf55_ci\\ci_project\\public\\index.php')
CRITICAL - 2023-12-04 05:18:36 --> syntax error, unexpected '/'
in APPPATH\Controllers\ProductController.php on line 61.
 1 SYSTEMPATH\Autoloader\Autoloader.php(291): CodeIgniter\Autoloader\Autoloader->includeFile('D:\\server\\xampp\\htdocs\\wdpf55_ci\\ci_project\\app\\Controllers\\ProductController.php')
 2 SYSTEMPATH\Autoloader\Autoloader.php(269): CodeIgniter\Autoloader\Autoloader->loadInNamespace('App\\Controllers\\ProductController')
 3 [internal function]: CodeIgniter\Autoloader\Autoloader->loadClass('App\\Controllers\\ProductController')
 4 [internal function]: spl_autoload_call('App\\Controllers\\ProductController')
 5 SYSTEMPATH\CodeIgniter.php(900): class_exists('\\App\\Controllers\\ProductController', true)
 6 SYSTEMPATH\CodeIgniter.php(489): CodeIgniter\CodeIgniter->startController()
 7 SYSTEMPATH\CodeIgniter.php(361): CodeIgniter\CodeIgniter->handleRequest(null, Object(Config\Cache), false)
 8 FCPATH\index.php(79): CodeIgniter\CodeIgniter->run()
 9 SYSTEMPATH\Commands\Server\rewrite.php(47): require_once('D:\\server\\xampp\\htdocs\\wdpf55_ci\\ci_project\\public\\index.php')
CRITICAL - 2023-12-04 05:18:36 --> syntax error, unexpected '/'
in APPPATH\Controllers\ProductController.php on line 61.
 1 SYSTEMPATH\Autoloader\Autoloader.php(291): CodeIgniter\Autoloader\Autoloader->includeFile('D:\\server\\xampp\\htdocs\\wdpf55_ci\\ci_project\\app\\Controllers\\ProductController.php')
 2 SYSTEMPATH\Autoloader\Autoloader.php(269): CodeIgniter\Autoloader\Autoloader->loadInNamespace('App\\Controllers\\ProductController')
 3 [internal function]: CodeIgniter\Autoloader\Autoloader->loadClass('App\\Controllers\\ProductController')
 4 [internal function]: spl_autoload_call('App\\Controllers\\ProductController')
 5 SYSTEMPATH\CodeIgniter.php(900): class_exists('\\App\\Controllers\\ProductController', true)
 6 SYSTEMPATH\CodeIgniter.php(489): CodeIgniter\CodeIgniter->startController()
 7 SYSTEMPATH\CodeIgniter.php(361): CodeIgniter\CodeIgniter->handleRequest(null, Object(Config\Cache), false)
 8 FCPATH\index.php(79): CodeIgniter\CodeIgniter->run()
 9 SYSTEMPATH\Commands\Server\rewrite.php(47): require_once('D:\\server\\xampp\\htdocs\\wdpf55_ci\\ci_project\\public\\index.php')
ERROR - 2023-12-04 05:25:11 --> Error connecting to the database: mysqli_sql_exception: No connection could be made because the target machine actively refused it.
 in D:\server\xampp\htdocs\wdpf55_ci\ci_project\system\Database\MySQLi\Connection.php:185
Stack trace:
#0 D:\server\xampp\htdocs\wdpf55_ci\ci_project\system\Database\MySQLi\Connection.php(185): mysqli->real_connect('localhost', 'root', '', 'wdpf55_ciprojec...', 3306, '', 0)
#1 D:\server\xampp\htdocs\wdpf55_ci\ci_project\system\Database\BaseConnection.php(392): CodeIgniter\Database\MySQLi\Connection->connect(false)
#2 D:\server\xampp\htdocs\wdpf55_ci\ci_project\system\Database\Database.php(66): CodeIgniter\Database\BaseConnection->initialize()
#3 D:\server\xampp\htdocs\wdpf55_ci\ci_project\system\Database\Config.php(110): CodeIgniter\Database\Database->loadForge(Object(CodeIgniter\Database\MySQLi\Connection))
#4 D:\server\xampp\htdocs\wdpf55_ci\ci_project\system\Database\Seeder.php(97): CodeIgniter\Database\Config::forge(NULL)
#5 D:\server\xampp\htdocs\wdpf55_ci\ci_project\system\Commands\Database\Seed.php(69): CodeIgniter\Database\Seeder->__construct(Object(Config\Database))
#6 D:\server\xampp\htdocs\wdpf55_ci\ci_project\system\CLI\Commands.php(65): CodeIgniter\Commands\Database\Seed->run(Array)
#7 D:\server\xampp\htdocs\wdpf55_ci\ci_project\system\CLI\Console.php(46): CodeIgniter\CLI\Commands->run('db:seed', Array)
#8 D:\server\xampp\htdocs\wdpf55_ci\ci_project\spark(102): CodeIgniter\CLI\Console->run()
#9 {main}

Next CodeIgniter\Database\Exceptions\DatabaseException: No connection could be made because the target machine actively refused it.
 in D:\server\xampp\htdocs\wdpf55_ci\ci_project\system\Database\MySQLi\Connection.php:229
Stack trace:
#0 D:\server\xampp\htdocs\wdpf55_ci\ci_project\system\Database\BaseConnection.php(392): CodeIgniter\Database\MySQLi\Connection->connect(false)
#1 D:\server\xampp\htdocs\wdpf55_ci\ci_project\system\Database\Database.php(66): CodeIgniter\Database\BaseConnection->initialize()
#2 D:\server\xampp\htdocs\wdpf55_ci\ci_project\system\Database\Config.php(110): CodeIgniter\Database\Database->loadForge(Object(CodeIgniter\Database\MySQLi\Connection))
#3 D:\server\xampp\htdocs\wdpf55_ci\ci_project\system\Database\Seeder.php(97): CodeIgniter\Database\Config::forge(NULL)
#4 D:\server\xampp\htdocs\wdpf55_ci\ci_project\system\Commands\Database\Seed.php(69): CodeIgniter\Database\Seeder->__construct(Object(Config\Database))
#5 D:\server\xampp\htdocs\wdpf55_ci\ci_project\system\CLI\Commands.php(65): CodeIgniter\Commands\Database\Seed->run(Array)
#6 D:\server\xampp\htdocs\wdpf55_ci\ci_project\system\CLI\Console.php(46): CodeIgniter\CLI\Commands->run('db:seed', Array)
#7 D:\server\xampp\htdocs\wdpf55_ci\ci_project\spark(102): CodeIgniter\CLI\Console->run()
#8 {main}
CRITICAL - 2023-12-04 05:25:11 --> Unable to connect to the database.
Main connection [MySQLi]: No connection could be made because the target machine actively refused it.

in SYSTEMPATH\Database\BaseConnection.php on line 428.
 1 SYSTEMPATH\Database\Database.php(66): CodeIgniter\Database\BaseConnection->initialize()
 2 SYSTEMPATH\Database\Config.php(110): CodeIgniter\Database\Database->loadForge(Object(CodeIgniter\Database\MySQLi\Connection))
 3 SYSTEMPATH\Database\Seeder.php(97): CodeIgniter\Database\Config::forge(null)
 4 SYSTEMPATH\Commands\Database\Seed.php(69): CodeIgniter\Database\Seeder->__construct(Object(Config\Database))
 5 SYSTEMPATH\CLI\Commands.php(65): CodeIgniter\Commands\Database\Seed->run([...])
 6 SYSTEMPATH\CLI\Console.php(46): CodeIgniter\CLI\Commands->run('db:seed', [...])
 7 ROOTPATH\spark(102): CodeIgniter\CLI\Console->run()
ERROR - 2023-12-04 05:26:29 --> Error connecting to the database: mysqli_sql_exception: No connection could be made because the target machine actively refused it.
 in D:\server\xampp\htdocs\wdpf55_ci\ci_project\system\Database\MySQLi\Connection.php:185
Stack trace:
#0 D:\server\xampp\htdocs\wdpf55_ci\ci_project\system\Database\MySQLi\Connection.php(185): mysqli->real_connect('localhost', 'root', '', 'wdpf55_ciprojec...', 3306, '', 0)
#1 D:\server\xampp\htdocs\wdpf55_ci\ci_project\system\Database\BaseConnection.php(392): CodeIgniter\Database\MySQLi\Connection->connect(false)
#2 D:\server\xampp\htdocs\wdpf55_ci\ci_project\system\Database\BaseConnection.php(575): CodeIgniter\Database\BaseConnection->initialize()
#3 D:\server\xampp\htdocs\wdpf55_ci\ci_project\system\Database\BaseBuilder.php(1615): CodeIgniter\Database\BaseConnection->query('SELECT *\nFROM `...', Array, false)
#4 D:\server\xampp\htdocs\wdpf55_ci\ci_project\system\Model.php(237): CodeIgniter\Database\BaseBuilder->get()
#5 D:\server\xampp\htdocs\wdpf55_ci\ci_project\system\BaseModel.php(624): CodeIgniter\Model->doFindAll(0, 0)
#6 D:\server\xampp\htdocs\wdpf55_ci\ci_project\app\Controllers\ProductController.php(19): CodeIgniter\BaseModel->findAll()
#7 D:\server\xampp\htdocs\wdpf55_ci\ci_project\system\CodeIgniter.php(942): App\Controllers\ProductController->index()
#8 D:\server\xampp\htdocs\wdpf55_ci\ci_project\system\CodeIgniter.php(502): CodeIgniter\CodeIgniter->runController(Object(App\Controllers\ProductController))
#9 D:\server\xampp\htdocs\wdpf55_ci\ci_project\system\CodeIgniter.php(361): CodeIgniter\CodeIgniter->handleRequest(NULL, Object(Config\Cache), false)
#10 D:\server\xampp\htdocs\wdpf55_ci\ci_project\public\index.php(79): CodeIgniter\CodeIgniter->run()
#11 D:\server\xampp\htdocs\wdpf55_ci\ci_project\system\Commands\Server\rewrite.php(47): require_once('D:\\server\\xampp...')
#12 {main}

Next CodeIgniter\Database\Exceptions\DatabaseException: No connection could be made because the target machine actively refused it.
 in D:\server\xampp\htdocs\wdpf55_ci\ci_project\system\Database\MySQLi\Connection.php:229
Stack trace:
#0 D:\server\xampp\htdocs\wdpf55_ci\ci_project\system\Database\BaseConnection.php(392): CodeIgniter\Database\MySQLi\Connection->connect(false)
#1 D:\server\xampp\htdocs\wdpf55_ci\ci_project\system\Database\BaseConnection.php(575): CodeIgniter\Database\BaseConnection->initialize()
#2 D:\server\xampp\htdocs\wdpf55_ci\ci_project\system\Database\BaseBuilder.php(1615): CodeIgniter\Database\BaseConnection->query('SELECT *\nFROM `...', Array, false)
#3 D:\server\xampp\htdocs\wdpf55_ci\ci_project\system\Model.php(237): CodeIgniter\Database\BaseBuilder->get()
#4 D:\server\xampp\htdocs\wdpf55_ci\ci_project\system\BaseModel.php(624): CodeIgniter\Model->doFindAll(0, 0)
#5 D:\server\xampp\htdocs\wdpf55_ci\ci_project\app\Controllers\ProductController.php(19): CodeIgniter\BaseModel->findAll()
#6 D:\server\xampp\htdocs\wdpf55_ci\ci_project\system\CodeIgniter.php(942): App\Controllers\ProductController->index()
#7 D:\server\xampp\htdocs\wdpf55_ci\ci_project\system\CodeIgniter.php(502): CodeIgniter\CodeIgniter->runController(Object(App\Controllers\ProductController))
#8 D:\server\xampp\htdocs\wdpf55_ci\ci_project\system\CodeIgniter.php(361): CodeIgniter\CodeIgniter->handleRequest(NULL, Object(Config\Cache), false)
#9 D:\server\xampp\htdocs\wdpf55_ci\ci_project\public\index.php(79): CodeIgniter\CodeIgniter->run()
#10 D:\server\xampp\htdocs\wdpf55_ci\ci_project\system\Commands\Server\rewrite.php(47): require_once('D:\\server\\xampp...')
#11 {main}
CRITICAL - 2023-12-04 05:26:29 --> Unable to connect to the database.
Main connection [MySQLi]: No connection could be made because the target machine actively refused it.

in SYSTEMPATH\Database\BaseConnection.php on line 428.
 1 SYSTEMPATH\Database\BaseConnection.php(575): CodeIgniter\Database\BaseConnection->initialize()
 2 SYSTEMPATH\Database\BaseBuilder.php(1615): CodeIgniter\Database\BaseConnection->query('SELECT *
FROM `products`', [], false)
 3 SYSTEMPATH\Model.php(237): CodeIgniter\Database\BaseBuilder->get()
 4 SYSTEMPATH\BaseModel.php(624): CodeIgniter\Model->doFindAll(0, 0)
 5 APPPATH\Controllers\ProductController.php(19): CodeIgniter\BaseModel->findAll()
 6 SYSTEMPATH\CodeIgniter.php(942): App\Controllers\ProductController->index()
 7 SYSTEMPATH\CodeIgniter.php(502): CodeIgniter\CodeIgniter->runController(Object(App\Controllers\ProductController))
 8 SYSTEMPATH\CodeIgniter.php(361): CodeIgniter\CodeIgniter->handleRequest(null, Object(Config\Cache), false)
 9 FCPATH\index.php(79): CodeIgniter\CodeIgniter->run()
10 SYSTEMPATH\Commands\Server\rewrite.php(47): require_once('D:\\server\\xampp\\htdocs\\wdpf55_ci\\ci_project\\public\\index.php')
ERROR - 2023-12-04 05:26:34 --> Error connecting to the database: mysqli_sql_exception: No connection could be made because the target machine actively refused it.
 in D:\server\xampp\htdocs\wdpf55_ci\ci_project\system\Database\MySQLi\Connection.php:185
Stack trace:
#0 D:\server\xampp\htdocs\wdpf55_ci\ci_project\system\Database\MySQLi\Connection.php(185): mysqli->real_connect('localhost', 'root', '', 'wdpf55_ciprojec...', 3306, '', 0)
#1 D:\server\xampp\htdocs\wdpf55_ci\ci_project\system\Database\BaseConnection.php(392): CodeIgniter\Database\MySQLi\Connection->connect(false)
#2 D:\server\xampp\htdocs\wdpf55_ci\ci_project\system\Database\BaseConnection.php(575): CodeIgniter\Database\BaseConnection->initialize()
#3 D:\server\xampp\htdocs\wdpf55_ci\ci_project\system\Database\BaseBuilder.php(1615): CodeIgniter\Database\BaseConnection->query('SELECT *\nFROM `...', Array, false)
#4 D:\server\xampp\htdocs\wdpf55_ci\ci_project\system\Model.php(237): CodeIgniter\Database\BaseBuilder->get()
#5 D:\server\xampp\htdocs\wdpf55_ci\ci_project\system\BaseModel.php(624): CodeIgniter\Model->doFindAll(0, 0)
#6 D:\server\xampp\htdocs\wdpf55_ci\ci_project\app\Controllers\ProductController.php(19): CodeIgniter\BaseModel->findAll()
#7 D:\server\xampp\htdocs\wdpf55_ci\ci_project\system\CodeIgniter.php(942): App\Controllers\ProductController->index()
#8 D:\server\xampp\htdocs\wdpf55_ci\ci_project\system\CodeIgniter.php(502): CodeIgniter\CodeIgniter->runController(Object(App\Controllers\ProductController))
#9 D:\server\xampp\htdocs\wdpf55_ci\ci_project\system\CodeIgniter.php(361): CodeIgniter\CodeIgniter->handleRequest(NULL, Object(Config\Cache), false)
#10 D:\server\xampp\htdocs\wdpf55_ci\ci_project\public\index.php(79): CodeIgniter\CodeIgniter->run()
#11 D:\server\xampp\htdocs\wdpf55_ci\ci_project\system\Commands\Server\rewrite.php(47): require_once('D:\\server\\xampp...')
#12 {main}

Next CodeIgniter\Database\Exceptions\DatabaseException: No connection could be made because the target machine actively refused it.
 in D:\server\xampp\htdocs\wdpf55_ci\ci_project\system\Database\MySQLi\Connection.php:229
Stack trace:
#0 D:\server\xampp\htdocs\wdpf55_ci\ci_project\system\Database\BaseConnection.php(392): CodeIgniter\Database\MySQLi\Connection->connect(false)
#1 D:\server\xampp\htdocs\wdpf55_ci\ci_project\system\Database\BaseConnection.php(575): CodeIgniter\Database\BaseConnection->initialize()
#2 D:\server\xampp\htdocs\wdpf55_ci\ci_project\system\Database\BaseBuilder.php(1615): CodeIgniter\Database\BaseConnection->query('SELECT *\nFROM `...', Array, false)
#3 D:\server\xampp\htdocs\wdpf55_ci\ci_project\system\Model.php(237): CodeIgniter\Database\BaseBuilder->get()
#4 D:\server\xampp\htdocs\wdpf55_ci\ci_project\system\BaseModel.php(624): CodeIgniter\Model->doFindAll(0, 0)
#5 D:\server\xampp\htdocs\wdpf55_ci\ci_project\app\Controllers\ProductController.php(19): CodeIgniter\BaseModel->findAll()
#6 D:\server\xampp\htdocs\wdpf55_ci\ci_project\system\CodeIgniter.php(942): App\Controllers\ProductController->index()
#7 D:\server\xampp\htdocs\wdpf55_ci\ci_project\system\CodeIgniter.php(502): CodeIgniter\CodeIgniter->runController(Object(App\Controllers\ProductController))
#8 D:\server\xampp\htdocs\wdpf55_ci\ci_project\system\CodeIgniter.php(361): CodeIgniter\CodeIgniter->handleRequest(NULL, Object(Config\Cache), false)
#9 D:\server\xampp\htdocs\wdpf55_ci\ci_project\public\index.php(79): CodeIgniter\CodeIgniter->run()
#10 D:\server\xampp\htdocs\wdpf55_ci\ci_project\system\Commands\Server\rewrite.php(47): require_once('D:\\server\\xampp...')
#11 {main}
CRITICAL - 2023-12-04 05:26:34 --> Unable to connect to the database.
Main connection [MySQLi]: No connection could be made because the target machine actively refused it.

in SYSTEMPATH\Database\BaseConnection.php on line 428.
 1 SYSTEMPATH\Database\BaseConnection.php(575): CodeIgniter\Database\BaseConnection->initialize()
 2 SYSTEMPATH\Database\BaseBuilder.php(1615): CodeIgniter\Database\BaseConnection->query('SELECT *
FROM `products`', [], false)
 3 SYSTEMPATH\Model.php(237): CodeIgniter\Database\BaseBuilder->get()
 4 SYSTEMPATH\BaseModel.php(624): CodeIgniter\Model->doFindAll(0, 0)
 5 APPPATH\Controllers\ProductController.php(19): CodeIgniter\BaseModel->findAll()
 6 SYSTEMPATH\CodeIgniter.php(942): App\Controllers\ProductController->index()
 7 SYSTEMPATH\CodeIgniter.php(502): CodeIgniter\CodeIgniter->runController(Object(App\Controllers\ProductController))
 8 SYSTEMPATH\CodeIgniter.php(361): CodeIgniter\CodeIgniter->handleRequest(null, Object(Config\Cache), false)
 9 FCPATH\index.php(79): CodeIgniter\CodeIgniter->run()
10 SYSTEMPATH\Commands\Server\rewrite.php(47): require_once('D:\\server\\xampp\\htdocs\\wdpf55_ci\\ci_project\\public\\index.php')
ERROR - 2023-12-04 05:26:42 --> Error connecting to the database: mysqli_sql_exception: No connection could be made because the target machine actively refused it.
 in D:\server\xampp\htdocs\wdpf55_ci\ci_project\system\Database\MySQLi\Connection.php:185
Stack trace:
#0 D:\server\xampp\htdocs\wdpf55_ci\ci_project\system\Database\MySQLi\Connection.php(185): mysqli->real_connect('localhost', 'root', '', 'wdpf55_ciprojec...', 3306, '', 0)
#1 D:\server\xampp\htdocs\wdpf55_ci\ci_project\system\Database\BaseConnection.php(392): CodeIgniter\Database\MySQLi\Connection->connect(false)
#2 D:\server\xampp\htdocs\wdpf55_ci\ci_project\system\Database\BaseConnection.php(575): CodeIgniter\Database\BaseConnection->initialize()
#3 D:\server\xampp\htdocs\wdpf55_ci\ci_project\system\Database\BaseBuilder.php(1615): CodeIgniter\Database\BaseConnection->query('SELECT *\nFROM `...', Array, false)
#4 D:\server\xampp\htdocs\wdpf55_ci\ci_project\system\Model.php(237): CodeIgniter\Database\BaseBuilder->get()
#5 D:\server\xampp\htdocs\wdpf55_ci\ci_project\system\BaseModel.php(624): CodeIgniter\Model->doFindAll(0, 0)
#6 D:\server\xampp\htdocs\wdpf55_ci\ci_project\app\Controllers\ProductController.php(19): CodeIgniter\BaseModel->findAll()
#7 D:\server\xampp\htdocs\wdpf55_ci\ci_project\system\CodeIgniter.php(942): App\Controllers\ProductController->index()
#8 D:\server\xampp\htdocs\wdpf55_ci\ci_project\system\CodeIgniter.php(502): CodeIgniter\CodeIgniter->runController(Object(App\Controllers\ProductController))
#9 D:\server\xampp\htdocs\wdpf55_ci\ci_project\system\CodeIgniter.php(361): CodeIgniter\CodeIgniter->handleRequest(NULL, Object(Config\Cache), false)
#10 D:\server\xampp\htdocs\wdpf55_ci\ci_project\public\index.php(79): CodeIgniter\CodeIgniter->run()
#11 D:\server\xampp\htdocs\wdpf55_ci\ci_project\system\Commands\Server\rewrite.php(47): require_once('D:\\server\\xampp...')
#12 {main}

Next CodeIgniter\Database\Exceptions\DatabaseException: No connection could be made because the target machine actively refused it.
 in D:\server\xampp\htdocs\wdpf55_ci\ci_project\system\Database\MySQLi\Connection.php:229
Stack trace:
#0 D:\server\xampp\htdocs\wdpf55_ci\ci_project\system\Database\BaseConnection.php(392): CodeIgniter\Database\MySQLi\Connection->connect(false)
#1 D:\server\xampp\htdocs\wdpf55_ci\ci_project\system\Database\BaseConnection.php(575): CodeIgniter\Database\BaseConnection->initialize()
#2 D:\server\xampp\htdocs\wdpf55_ci\ci_project\system\Database\BaseBuilder.php(1615): CodeIgniter\Database\BaseConnection->query('SELECT *\nFROM `...', Array, false)
#3 D:\server\xampp\htdocs\wdpf55_ci\ci_project\system\Model.php(237): CodeIgniter\Database\BaseBuilder->get()
#4 D:\server\xampp\htdocs\wdpf55_ci\ci_project\system\BaseModel.php(624): CodeIgniter\Model->doFindAll(0, 0)
#5 D:\server\xampp\htdocs\wdpf55_ci\ci_project\app\Controllers\ProductController.php(19): CodeIgniter\BaseModel->findAll()
#6 D:\server\xampp\htdocs\wdpf55_ci\ci_project\system\CodeIgniter.php(942): App\Controllers\ProductController->index()
#7 D:\server\xampp\htdocs\wdpf55_ci\ci_project\system\CodeIgniter.php(502): CodeIgniter\CodeIgniter->runController(Object(App\Controllers\ProductController))
#8 D:\server\xampp\htdocs\wdpf55_ci\ci_project\system\CodeIgniter.php(361): CodeIgniter\CodeIgniter->handleRequest(NULL, Object(Config\Cache), false)
#9 D:\server\xampp\htdocs\wdpf55_ci\ci_project\public\index.php(79): CodeIgniter\CodeIgniter->run()
#10 D:\server\xampp\htdocs\wdpf55_ci\ci_project\system\Commands\Server\rewrite.php(47): require_once('D:\\server\\xampp...')
#11 {main}
CRITICAL - 2023-12-04 05:26:42 --> Unable to connect to the database.
Main connection [MySQLi]: No connection could be made because the target machine actively refused it.

in SYSTEMPATH\Database\BaseConnection.php on line 428.
 1 SYSTEMPATH\Database\BaseConnection.php(575): CodeIgniter\Database\BaseConnection->initialize()
 2 SYSTEMPATH\Database\BaseBuilder.php(1615): CodeIgniter\Database\BaseConnection->query('SELECT *
FROM `products`', [], false)
 3 SYSTEMPATH\Model.php(237): CodeIgniter\Database\BaseBuilder->get()
 4 SYSTEMPATH\BaseModel.php(624): CodeIgniter\Model->doFindAll(0, 0)
 5 APPPATH\Controllers\ProductController.php(19): CodeIgniter\BaseModel->findAll()
 6 SYSTEMPATH\CodeIgniter.php(942): App\Controllers\ProductController->index()
 7 SYSTEMPATH\CodeIgniter.php(502): CodeIgniter\CodeIgniter->runController(Object(App\Controllers\ProductController))
 8 SYSTEMPATH\CodeIgniter.php(361): CodeIgniter\CodeIgniter->handleRequest(null, Object(Config\Cache), false)
 9 FCPATH\index.php(79): CodeIgniter\CodeIgniter->run()
10 SYSTEMPATH\Commands\Server\rewrite.php(47): require_once('D:\\server\\xampp\\htdocs\\wdpf55_ci\\ci_project\\public\\index.php')
INFO - 2023-12-04 05:27:06 --> Session: Class initialized using 'CodeIgniter\Session\Handlers\FileHandler' driver.
INFO - 2023-12-04 05:28:36 --> Session: Class initialized using 'CodeIgniter\Session\Handlers\FileHandler' driver.
ERROR - 2023-12-04 05:28:39 --> mysqli_sql_exception: Unknown column 'id' in 'where clause' in D:\server\xampp\htdocs\wdpf55_ci\ci_project\system\Database\MySQLi\Connection.php:306
Stack trace:
#0 D:\server\xampp\htdocs\wdpf55_ci\ci_project\system\Database\MySQLi\Connection.php(306): mysqli->query('DELETE FROM `pr...', 0)
#1 D:\server\xampp\htdocs\wdpf55_ci\ci_project\system\Database\BaseConnection.php(693): CodeIgniter\Database\MySQLi\Connection->execute('DELETE FROM `pr...')
#2 D:\server\xampp\htdocs\wdpf55_ci\ci_project\system\Database\BaseConnection.php(607): CodeIgniter\Database\BaseConnection->simpleQuery('DELETE FROM `pr...')
#3 D:\server\xampp\htdocs\wdpf55_ci\ci_project\system\Database\BaseBuilder.php(2790): CodeIgniter\Database\BaseConnection->query('DELETE FROM `pr...', Array, false)
#4 D:\server\xampp\htdocs\wdpf55_ci\ci_project\system\Model.php(445): CodeIgniter\Database\BaseBuilder->delete()
#5 D:\server\xampp\htdocs\wdpf55_ci\ci_project\system\BaseModel.php(1080): CodeIgniter\Model->doDelete(Array, false)
#6 D:\server\xampp\htdocs\wdpf55_ci\ci_project\app\Controllers\ProductController.php(61): CodeIgniter\BaseModel->delete(Array)
#7 D:\server\xampp\htdocs\wdpf55_ci\ci_project\system\CodeIgniter.php(942): App\Controllers\ProductController->delete('1')
#8 D:\server\xampp\htdocs\wdpf55_ci\ci_project\system\CodeIgniter.php(502): CodeIgniter\CodeIgniter->runController(Object(App\Controllers\ProductController))
#9 D:\server\xampp\htdocs\wdpf55_ci\ci_project\system\CodeIgniter.php(361): CodeIgniter\CodeIgniter->handleRequest(NULL, Object(Config\Cache), false)
#10 D:\server\xampp\htdocs\wdpf55_ci\ci_project\public\index.php(79): CodeIgniter\CodeIgniter->run()
#11 D:\server\xampp\htdocs\wdpf55_ci\ci_project\system\Commands\Server\rewrite.php(47): require_once('D:\\server\\xampp...')
#12 {main}
CRITICAL - 2023-12-04 05:28:39 --> Unknown column 'id' in 'where clause'
in SYSTEMPATH\Database\BaseConnection.php on line 647.
 1 SYSTEMPATH\Database\BaseBuilder.php(2790): CodeIgniter\Database\BaseConnection->query('DELETE FROM `products`
WHERE `id` IN :id:', [...], false)
 2 SYSTEMPATH\Model.php(445): CodeIgniter\Database\BaseBuilder->delete()
 3 SYSTEMPATH\BaseModel.php(1080): CodeIgniter\Model->doDelete([...], false)
 4 APPPATH\Controllers\ProductController.php(61): CodeIgniter\BaseModel->delete([...])
 5 SYSTEMPATH\CodeIgniter.php(942): App\Controllers\ProductController->delete('1')
 6 SYSTEMPATH\CodeIgniter.php(502): CodeIgniter\CodeIgniter->runController(Object(App\Controllers\ProductController))
 7 SYSTEMPATH\CodeIgniter.php(361): CodeIgniter\CodeIgniter->handleRequest(null, Object(Config\Cache), false)
 8 FCPATH\index.php(79): CodeIgniter\CodeIgniter->run()
 9 SYSTEMPATH\Commands\Server\rewrite.php(47): require_once('D:\\server\\xampp\\htdocs\\wdpf55_ci\\ci_project\\public\\index.php')
INFO - 2023-12-04 05:29:57 --> Session: Class initialized using 'CodeIgniter\Session\Handlers\FileHandler' driver.
CRITICAL - 2023-12-04 05:29:59 --> The route for "product" cannot be found.
in SYSTEMPATH\HTTP\RedirectResponse.php on line 62.
 1 SYSTEMPATH\HTTP\RedirectResponse.php(62): CodeIgniter\HTTP\Exceptions\HTTPException::forInvalidRedirectRoute('product')
 2 SYSTEMPATH\Common.php(878): CodeIgniter\HTTP\RedirectResponse->route(false)
 3 APPPATH\Controllers\ProductController.php(62): redirect('product')
 4 SYSTEMPATH\CodeIgniter.php(942): App\Controllers\ProductController->delete('1')
 5 SYSTEMPATH\CodeIgniter.php(502): CodeIgniter\CodeIgniter->runController(Object(App\Controllers\ProductController))
 6 SYSTEMPATH\CodeIgniter.php(361): CodeIgniter\CodeIgniter->handleRequest(null, Object(Config\Cache), false)
 7 FCPATH\index.php(79): CodeIgniter\CodeIgniter->run()
 8 SYSTEMPATH\Commands\Server\rewrite.php(47): require_once('D:\\server\\xampp\\htdocs\\wdpf55_ci\\ci_project\\public\\index.php')
INFO - 2023-12-04 05:30:42 --> Session: Class initialized using 'CodeIgniter\Session\Handlers\FileHandler' driver.
INFO - 2023-12-04 05:30:44 --> Session: Class initialized using 'CodeIgniter\Session\Handlers\FileHandler' driver.
INFO - 2023-12-04 05:30:46 --> Session: Class initialized using 'CodeIgniter\Session\Handlers\FileHandler' driver.
INFO - 2023-12-04 05:30:48 --> Session: Class initialized using 'CodeIgniter\Session\Handlers\FileHandler' driver.
INFO - 2023-12-04 05:30:50 --> Session: Class initialized using 'CodeIgniter\Session\Handlers\FileHandler' driver.
INFO - 2023-12-04 05:30:51 --> Session: Class initialized using 'CodeIgniter\Session\Handlers\FileHandler' driver.
INFO - 2023-12-04 05:30:52 --> Session: Class initialized using 'CodeIgniter\Session\Handlers\FileHandler' driver.
INFO - 2023-12-04 05:30:52 --> Session: Class initialized using 'CodeIgniter\Session\Handlers\FileHandler' driver.
INFO - 2023-12-04 05:30:53 --> Session: Class initialized using 'CodeIgniter\Session\Handlers\FileHandler' driver.
INFO - 2023-12-04 05:30:54 --> Session: Class initialized using 'CodeIgniter\Session\Handlers\FileHandler' driver.
INFO - 2023-12-04 05:30:57 --> Session: Class initialized using 'CodeIgniter\Session\Handlers\FileHandler' driver.
INFO - 2023-12-04 05:32:42 --> Session: Class initialized using 'CodeIgniter\Session\Handlers\FileHandler' driver.
INFO - 2023-12-04 05:33:53 --> Session: Class initialized using 'CodeIgniter\Session\Handlers\FileHandler' driver.
INFO - 2023-12-04 05:33:55 --> Session: Class initialized using 'CodeIgniter\Session\Handlers\FileHandler' driver.
INFO - 2023-12-04 05:34:29 --> Session: Class initialized using 'CodeIgniter\Session\Handlers\FileHandler' driver.
INFO - 2023-12-04 05:35:16 --> Session: Class initialized using 'CodeIgniter\Session\Handlers\FileHandler' driver.
INFO - 2023-12-04 05:35:24 --> Session: Class initialized using 'CodeIgniter\Session\Handlers\FileHandler' driver.
INFO - 2023-12-04 05:35:27 --> Session: Class initialized using 'CodeIgniter\Session\Handlers\FileHandler' driver.
INFO - 2023-12-04 05:35:27 --> Session: Class initialized using 'CodeIgniter\Session\Handlers\FileHandler' driver.
INFO - 2023-12-04 05:36:32 --> Session: Class initialized using 'CodeIgniter\Session\Handlers\FileHandler' driver.
INFO - 2023-12-04 05:36:33 --> Session: Class initialized using 'CodeIgniter\Session\Handlers\FileHandler' driver.
INFO - 2023-12-04 05:36:36 --> Session: Class initialized using 'CodeIgniter\Session\Handlers\FileHandler' driver.
INFO - 2023-12-04 05:36:37 --> Session: Class initialized using 'CodeIgniter\Session\Handlers\FileHandler' driver.
INFO - 2023-12-04 05:36:39 --> Session: Class initialized using 'CodeIgniter\Session\Handlers\FileHandler' driver.
INFO - 2023-12-04 05:36:40 --> Session: Class initialized using 'CodeIgniter\Session\Handlers\FileHandler' driver.
INFO - 2023-12-04 05:38:01 --> Session: Class initialized using 'CodeIgniter\Session\Handlers\FileHandler' driver.
INFO - 2023-12-04 05:38:08 --> Session: Class initialized using 'CodeIgniter\Session\Handlers\FileHandler' driver.
INFO - 2023-12-04 05:59:24 --> Session: Class initialized using 'CodeIgniter\Session\Handlers\FileHandler' driver.
INFO - 2023-12-04 05:59:26 --> Session: Class initialized using 'CodeIgniter\Session\Handlers\FileHandler' driver.
INFO - 2023-12-04 05:59:28 --> Session: Class initialized using 'CodeIgniter\Session\Handlers\FileHandler' driver.
INFO - 2023-12-04 05:59:29 --> Session: Class initialized using 'CodeIgniter\Session\Handlers\FileHandler' driver.
INFO - 2023-12-04 05:59:30 --> Session: Class initialized using 'CodeIgniter\Session\Handlers\FileHandler' driver.
INFO - 2023-12-04 05:59:31 --> Session: Class initialized using 'CodeIgniter\Session\Handlers\FileHandler' driver.
INFO - 2023-12-04 05:59:32 --> Session: Class initialized using 'CodeIgniter\Session\Handlers\FileHandler' driver.
INFO - 2023-12-04 05:59:32 --> Session: Class initialized using 'CodeIgniter\Session\Handlers\FileHandler' driver.
INFO - 2023-12-04 05:59:33 --> Session: Class initialized using 'CodeIgniter\Session\Handlers\FileHandler' driver.
INFO - 2023-12-04 05:59:34 --> Session: Class initialized using 'CodeIgniter\Session\Handlers\FileHandler' driver.
INFO - 2023-12-04 05:59:35 --> Session: Class initialized using 'CodeIgniter\Session\Handlers\FileHandler' driver.
INFO - 2023-12-04 05:59:36 --> Session: Class initialized using 'CodeIgniter\Session\Handlers\FileHandler' driver.
INFO - 2023-12-04 05:59:38 --> Session: Class initialized using 'CodeIgniter\Session\Handlers\FileHandler' driver.
INFO - 2023-12-04 05:59:53 --> Session: Class initialized using 'CodeIgniter\Session\Handlers\FileHandler' driver.
INFO - 2023-12-04 06:25:05 --> Session: Class initialized using 'CodeIgniter\Session\Handlers\FileHandler' driver.
INFO - 2023-12-04 06:25:16 --> Session: Class initialized using 'CodeIgniter\Session\Handlers\FileHandler' driver.
INFO - 2023-12-04 06:27:15 --> Session: Class initialized using 'CodeIgniter\Session\Handlers\FileHandler' driver.
INFO - 2023-12-04 06:27:18 --> Session: Class initialized using 'CodeIgniter\Session\Handlers\FileHandler' driver.
INFO - 2023-12-04 06:33:48 --> Session: Class initialized using 'CodeIgniter\Session\Handlers\FileHandler' driver.
INFO - 2023-12-04 06:40:16 --> Session: Class initialized using 'CodeIgniter\Session\Handlers\FileHandler' driver.
INFO - 2023-12-04 06:40:18 --> Session: Class initialized using 'CodeIgniter\Session\Handlers\FileHandler' driver.
INFO - 2023-12-04 06:46:28 --> Session: Class initialized using 'CodeIgniter\Session\Handlers\FileHandler' driver.
INFO - 2023-12-04 06:46:30 --> Session: Class initialized using 'CodeIgniter\Session\Handlers\FileHandler' driver.
ERROR - 2023-12-04 06:46:32 --> mysqli_sql_exception: Unknown column 'products.id' in 'where clause' in D:\server\xampp\htdocs\wdpf55_ci\ci_project\system\Database\MySQLi\Connection.php:306
Stack trace:
#0 D:\server\xampp\htdocs\wdpf55_ci\ci_project\system\Database\MySQLi\Connection.php(306): mysqli->query('SELECT *\nFROM `...', 0)
#1 D:\server\xampp\htdocs\wdpf55_ci\ci_project\system\Database\BaseConnection.php(693): CodeIgniter\Database\MySQLi\Connection->execute('SELECT *\nFROM `...')
#2 D:\server\xampp\htdocs\wdpf55_ci\ci_project\system\Database\BaseConnection.php(607): CodeIgniter\Database\BaseConnection->simpleQuery('SELECT *\nFROM `...')
#3 D:\server\xampp\htdocs\wdpf55_ci\ci_project\system\Database\BaseBuilder.php(1615): CodeIgniter\Database\BaseConnection->query('SELECT *\nFROM `...', Array, false)
#4 D:\server\xampp\htdocs\wdpf55_ci\ci_project\system\Model.php(196): CodeIgniter\Database\BaseBuilder->get()
#5 D:\server\xampp\htdocs\wdpf55_ci\ci_project\system\BaseModel.php(563): CodeIgniter\Model->doFind(true, '21')
#6 D:\server\xampp\htdocs\wdpf55_ci\ci_project\app\Controllers\ProductController.php(61): CodeIgniter\BaseModel->find('21')
#7 D:\server\xampp\htdocs\wdpf55_ci\ci_project\system\CodeIgniter.php(942): App\Controllers\ProductController->edit('21')
#8 D:\server\xampp\htdocs\wdpf55_ci\ci_project\system\CodeIgniter.php(502): CodeIgniter\CodeIgniter->runController(Object(App\Controllers\ProductController))
#9 D:\server\xampp\htdocs\wdpf55_ci\ci_project\system\CodeIgniter.php(361): CodeIgniter\CodeIgniter->handleRequest(NULL, Object(Config\Cache), false)
#10 D:\server\xampp\htdocs\wdpf55_ci\ci_project\public\index.php(79): CodeIgniter\CodeIgniter->run()
#11 D:\server\xampp\htdocs\wdpf55_ci\ci_project\system\Commands\Server\rewrite.php(47): require_once('D:\\server\\xampp...')
#12 {main}
CRITICAL - 2023-12-04 06:46:32 --> Unknown column 'products.id' in 'where clause'
in SYSTEMPATH\Database\BaseConnection.php on line 647.
 1 SYSTEMPATH\Database\BaseBuilder.php(1615): CodeIgniter\Database\BaseConnection->query('SELECT *
FROM `products`
WHERE `products`.`id` = :products.id:', [...], false)
 2 SYSTEMPATH\Model.php(196): CodeIgniter\Database\BaseBuilder->get()
 3 SYSTEMPATH\BaseModel.php(563): CodeIgniter\Model->doFind(true, '21')
 4 APPPATH\Controllers\ProductController.php(61): CodeIgniter\BaseModel->find('21')
 5 SYSTEMPATH\CodeIgniter.php(942): App\Controllers\ProductController->edit('21')
 6 SYSTEMPATH\CodeIgniter.php(502): CodeIgniter\CodeIgniter->runController(Object(App\Controllers\ProductController))
 7 SYSTEMPATH\CodeIgniter.php(361): CodeIgniter\CodeIgniter->handleRequest(null, Object(Config\Cache), false)
 8 FCPATH\index.php(79): CodeIgniter\CodeIgniter->run()
 9 SYSTEMPATH\Commands\Server\rewrite.php(47): require_once('D:\\server\\xampp\\htdocs\\wdpf55_ci\\ci_project\\public\\index.php')
INFO - 2023-12-04 06:47:56 --> Session: Class initialized using 'CodeIgniter\Session\Handlers\FileHandler' driver.
INFO - 2023-12-04 06:47:58 --> Session: Class initialized using 'CodeIgniter\Session\Handlers\FileHandler' driver.
INFO - 2023-12-04 06:51:27 --> Session: Class initialized using 'CodeIgniter\Session\Handlers\FileHandler' driver.
INFO - 2023-12-04 06:51:28 --> Session: Class initialized using 'CodeIgniter\Session\Handlers\FileHandler' driver.
CRITICAL - 2023-12-04 06:54:29 --> Undefined variable: product
in APPPATH\Views\products\edit.php on line 52.
 1 APPPATH\Views\products\edit.php(52): CodeIgniter\Debug\Exceptions->errorHandler(8, 'Undefined variable: product', 'D:\\server\\xampp\\htdocs\\wdpf55_ci\\ci_project\\app\\Views\\products\\edit.php', 52, [])
 2 SYSTEMPATH\View\View.php(228): include('D:\\server\\xampp\\htdocs\\wdpf55_ci\\ci_project\\app\\Views\\products\\edit.php')
 3 SYSTEMPATH\View\View.php(231): CodeIgniter\View\View->CodeIgniter\View\{closure}()
 4 SYSTEMPATH\Common.php(1190): CodeIgniter\View\View->render('products/edit', [], true)
 5 APPPATH\Controllers\ProductController.php(64): view('products/edit', [...])
 6 SYSTEMPATH\CodeIgniter.php(942): App\Controllers\ProductController->edit('20')
 7 SYSTEMPATH\CodeIgniter.php(502): CodeIgniter\CodeIgniter->runController(Object(App\Controllers\ProductController))
 8 SYSTEMPATH\CodeIgniter.php(361): CodeIgniter\CodeIgniter->handleRequest(null, Object(Config\Cache), false)
 9 FCPATH\index.php(79): CodeIgniter\CodeIgniter->run()
10 SYSTEMPATH\Commands\Server\rewrite.php(47): require_once('D:\\server\\xampp\\htdocs\\wdpf55_ci\\ci_project\\public\\index.php')
CRITICAL - 2023-12-04 06:56:53 --> Undefined variable: title
in APPPATH\Views\products\edit.php on line 52.
 1 APPPATH\Views\products\edit.php(52): CodeIgniter\Debug\Exceptions->errorHandler(8, 'Undefined variable: title', 'D:\\server\\xampp\\htdocs\\wdpf55_ci\\ci_project\\app\\Views\\products\\edit.php', 52, [])
 2 SYSTEMPATH\View\View.php(228): include('D:\\server\\xampp\\htdocs\\wdpf55_ci\\ci_project\\app\\Views\\products\\edit.php')
 3 SYSTEMPATH\View\View.php(231): CodeIgniter\View\View->CodeIgniter\View\{closure}()
 4 SYSTEMPATH\Common.php(1190): CodeIgniter\View\View->render('products/edit', [], true)
 5 APPPATH\Controllers\ProductController.php(64): view('products/edit', [...])
 6 SYSTEMPATH\CodeIgniter.php(942): App\Controllers\ProductController->edit('20')
 7 SYSTEMPATH\CodeIgniter.php(502): CodeIgniter\CodeIgniter->runController(Object(App\Controllers\ProductController))
 8 SYSTEMPATH\CodeIgniter.php(361): CodeIgniter\CodeIgniter->handleRequest(null, Object(Config\Cache), false)
 9 FCPATH\index.php(79): CodeIgniter\CodeIgniter->run()
10 SYSTEMPATH\Commands\Server\rewrite.php(47): require_once('D:\\server\\xampp\\htdocs\\wdpf55_ci\\ci_project\\public\\index.php')
CRITICAL - 2023-12-04 06:58:56 --> Undefined variable: product
in APPPATH\Views\products\edit.php on line 52.
 1 APPPATH\Views\products\edit.php(52): CodeIgniter\Debug\Exceptions->errorHandler(8, 'Undefined variable: product', 'D:\\server\\xampp\\htdocs\\wdpf55_ci\\ci_project\\app\\Views\\products\\edit.php', 52, [])
 2 SYSTEMPATH\View\View.php(228): include('D:\\server\\xampp\\htdocs\\wdpf55_ci\\ci_project\\app\\Views\\products\\edit.php')
 3 SYSTEMPATH\View\View.php(231): CodeIgniter\View\View->CodeIgniter\View\{closure}()
 4 SYSTEMPATH\Common.php(1190): CodeIgniter\View\View->render('products/edit', [], true)
 5 APPPATH\Controllers\ProductController.php(64): view('products/edit', [...])
 6 SYSTEMPATH\CodeIgniter.php(942): App\Controllers\ProductController->edit('20')
 7 SYSTEMPATH\CodeIgniter.php(502): CodeIgniter\CodeIgniter->runController(Object(App\Controllers\ProductController))
 8 SYSTEMPATH\CodeIgniter.php(361): CodeIgniter\CodeIgniter->handleRequest(null, Object(Config\Cache), false)
 9 FCPATH\index.php(79): CodeIgniter\CodeIgniter->run()
10 SYSTEMPATH\Commands\Server\rewrite.php(47): require_once('D:\\server\\xampp\\htdocs\\wdpf55_ci\\ci_project\\public\\index.php')
CRITICAL - 2023-12-04 06:58:58 --> Undefined variable: product
in APPPATH\Views\products\edit.php on line 52.
 1 APPPATH\Views\products\edit.php(52): CodeIgniter\Debug\Exceptions->errorHandler(8, 'Undefined variable: product', 'D:\\server\\xampp\\htdocs\\wdpf55_ci\\ci_project\\app\\Views\\products\\edit.php', 52, [])
 2 SYSTEMPATH\View\View.php(228): include('D:\\server\\xampp\\htdocs\\wdpf55_ci\\ci_project\\app\\Views\\products\\edit.php')
 3 SYSTEMPATH\View\View.php(231): CodeIgniter\View\View->CodeIgniter\View\{closure}()
 4 SYSTEMPATH\Common.php(1190): CodeIgniter\View\View->render('products/edit', [], true)
 5 APPPATH\Controllers\ProductController.php(64): view('products/edit', [...])
 6 SYSTEMPATH\CodeIgniter.php(942): App\Controllers\ProductController->edit('20')
 7 SYSTEMPATH\CodeIgniter.php(502): CodeIgniter\CodeIgniter->runController(Object(App\Controllers\ProductController))
 8 SYSTEMPATH\CodeIgniter.php(361): CodeIgniter\CodeIgniter->handleRequest(null, Object(Config\Cache), false)
 9 FCPATH\index.php(79): CodeIgniter\CodeIgniter->run()
10 SYSTEMPATH\Commands\Server\rewrite.php(47): require_once('D:\\server\\xampp\\htdocs\\wdpf55_ci\\ci_project\\public\\index.php')
CRITICAL - 2023-12-04 06:59:27 --> Undefined variable: category
in APPPATH\Views\products\edit.php on line 57.
 1 APPPATH\Views\products\edit.php(57): CodeIgniter\Debug\Exceptions->errorHandler(8, 'Undefined variable: category', 'D:\\server\\xampp\\htdocs\\wdpf55_ci\\ci_project\\app\\Views\\products\\edit.php', 57, [])
 2 SYSTEMPATH\View\View.php(228): include('D:\\server\\xampp\\htdocs\\wdpf55_ci\\ci_project\\app\\Views\\products\\edit.php')
 3 SYSTEMPATH\View\View.php(231): CodeIgniter\View\View->CodeIgniter\View\{closure}()
 4 SYSTEMPATH\Common.php(1190): CodeIgniter\View\View->render('products/edit', [], true)
 5 APPPATH\Controllers\ProductController.php(64): view('products/edit', [...])
 6 SYSTEMPATH\CodeIgniter.php(942): App\Controllers\ProductController->edit('20')
 7 SYSTEMPATH\CodeIgniter.php(502): CodeIgniter\CodeIgniter->runController(Object(App\Controllers\ProductController))
 8 SYSTEMPATH\CodeIgniter.php(361): CodeIgniter\CodeIgniter->handleRequest(null, Object(Config\Cache), false)
 9 FCPATH\index.php(79): CodeIgniter\CodeIgniter->run()
10 SYSTEMPATH\Commands\Server\rewrite.php(47): require_once('D:\\server\\xampp\\htdocs\\wdpf55_ci\\ci_project\\public\\index.php')
CRITICAL - 2023-12-04 07:00:39 --> Undefined variable: category
in APPPATH\Views\products\edit.php on line 57.
 1 APPPATH\Views\products\edit.php(57): CodeIgniter\Debug\Exceptions->errorHandler(8, 'Undefined variable: category', 'D:\\server\\xampp\\htdocs\\wdpf55_ci\\ci_project\\app\\Views\\products\\edit.php', 57, [])
 2 SYSTEMPATH\View\View.php(228): include('D:\\server\\xampp\\htdocs\\wdpf55_ci\\ci_project\\app\\Views\\products\\edit.php')
 3 SYSTEMPATH\View\View.php(231): CodeIgniter\View\View->CodeIgniter\View\{closure}()
 4 SYSTEMPATH\Common.php(1190): CodeIgniter\View\View->render('products/edit', [], true)
 5 APPPATH\Controllers\ProductController.php(64): view('products/edit', [...])
 6 SYSTEMPATH\CodeIgniter.php(942): App\Controllers\ProductController->edit('20')
 7 SYSTEMPATH\CodeIgniter.php(502): CodeIgniter\CodeIgniter->runController(Object(App\Controllers\ProductController))
 8 SYSTEMPATH\CodeIgniter.php(361): CodeIgniter\CodeIgniter->handleRequest(null, Object(Config\Cache), false)
 9 FCPATH\index.php(79): CodeIgniter\CodeIgniter->run()
10 SYSTEMPATH\Commands\Server\rewrite.php(47): require_once('D:\\server\\xampp\\htdocs\\wdpf55_ci\\ci_project\\public\\index.php')
CRITICAL - 2023-12-04 07:01:30 --> Undefined variable: product
in APPPATH\Views\products\edit.php on line 52.
 1 APPPATH\Views\products\edit.php(52): CodeIgniter\Debug\Exceptions->errorHandler(8, 'Undefined variable: product', 'D:\\server\\xampp\\htdocs\\wdpf55_ci\\ci_project\\app\\Views\\products\\edit.php', 52, [])
 2 SYSTEMPATH\View\View.php(228): include('D:\\server\\xampp\\htdocs\\wdpf55_ci\\ci_project\\app\\Views\\products\\edit.php')
 3 SYSTEMPATH\View\View.php(231): CodeIgniter\View\View->CodeIgniter\View\{closure}()
 4 SYSTEMPATH\Common.php(1190): CodeIgniter\View\View->render('products/edit', [], true)
 5 APPPATH\Controllers\ProductController.php(64): view('products/edit', [...])
 6 SYSTEMPATH\CodeIgniter.php(942): App\Controllers\ProductController->edit('20')
 7 SYSTEMPATH\CodeIgniter.php(502): CodeIgniter\CodeIgniter->runController(Object(App\Controllers\ProductController))
 8 SYSTEMPATH\CodeIgniter.php(361): CodeIgniter\CodeIgniter->handleRequest(null, Object(Config\Cache), false)
 9 FCPATH\index.php(79): CodeIgniter\CodeIgniter->run()
10 SYSTEMPATH\Commands\Server\rewrite.php(47): require_once('D:\\server\\xampp\\htdocs\\wdpf55_ci\\ci_project\\public\\index.php')
CRITICAL - 2023-12-04 07:02:46 --> Undefined variable: product
in APPPATH\Views\products\edit.php on line 52.
 1 APPPATH\Views\products\edit.php(52): CodeIgniter\Debug\Exceptions->errorHandler(8, 'Undefined variable: product', 'D:\\server\\xampp\\htdocs\\wdpf55_ci\\ci_project\\app\\Views\\products\\edit.php', 52, [])
 2 SYSTEMPATH\View\View.php(228): include('D:\\server\\xampp\\htdocs\\wdpf55_ci\\ci_project\\app\\Views\\products\\edit.php')
 3 SYSTEMPATH\View\View.php(231): CodeIgniter\View\View->CodeIgniter\View\{closure}()
 4 SYSTEMPATH\Common.php(1190): CodeIgniter\View\View->render('products/edit', [], true)
 5 APPPATH\Controllers\ProductController.php(64): view('products/edit', [...])
 6 SYSTEMPATH\CodeIgniter.php(942): App\Controllers\ProductController->edit('20')
 7 SYSTEMPATH\CodeIgniter.php(502): CodeIgniter\CodeIgniter->runController(Object(App\Controllers\ProductController))
 8 SYSTEMPATH\CodeIgniter.php(361): CodeIgniter\CodeIgniter->handleRequest(null, Object(Config\Cache), false)
 9 FCPATH\index.php(79): CodeIgniter\CodeIgniter->run()
10 SYSTEMPATH\Commands\Server\rewrite.php(47): require_once('D:\\server\\xampp\\htdocs\\wdpf55_ci\\ci_project\\public\\index.php')
CRITICAL - 2023-12-04 07:02:48 --> Undefined variable: product
in APPPATH\Views\products\edit.php on line 52.
 1 APPPATH\Views\products\edit.php(52): CodeIgniter\Debug\Exceptions->errorHandler(8, 'Undefined variable: product', 'D:\\server\\xampp\\htdocs\\wdpf55_ci\\ci_project\\app\\Views\\products\\edit.php', 52, [])
 2 SYSTEMPATH\View\View.php(228): include('D:\\server\\xampp\\htdocs\\wdpf55_ci\\ci_project\\app\\Views\\products\\edit.php')
 3 SYSTEMPATH\View\View.php(231): CodeIgniter\View\View->CodeIgniter\View\{closure}()
 4 SYSTEMPATH\Common.php(1190): CodeIgniter\View\View->render('products/edit', [], true)
 5 APPPATH\Controllers\ProductController.php(64): view('products/edit', [...])
 6 SYSTEMPATH\CodeIgniter.php(942): App\Controllers\ProductController->edit('20')
 7 SYSTEMPATH\CodeIgniter.php(502): CodeIgniter\CodeIgniter->runController(Object(App\Controllers\ProductController))
 8 SYSTEMPATH\CodeIgniter.php(361): CodeIgniter\CodeIgniter->handleRequest(null, Object(Config\Cache), false)
 9 FCPATH\index.php(79): CodeIgniter\CodeIgniter->run()
10 SYSTEMPATH\Commands\Server\rewrite.php(47): require_once('D:\\server\\xampp\\htdocs\\wdpf55_ci\\ci_project\\public\\index.php')
INFO - 2023-12-04 07:02:54 --> Session: Class initialized using 'CodeIgniter\Session\Handlers\FileHandler' driver.
INFO - 2023-12-04 07:02:56 --> Session: Class initialized using 'CodeIgniter\Session\Handlers\FileHandler' driver.
CRITICAL - 2023-12-04 07:02:58 --> Undefined variable: product
in APPPATH\Views\products\edit.php on line 52.
 1 APPPATH\Views\products\edit.php(52): CodeIgniter\Debug\Exceptions->errorHandler(8, 'Undefined variable: product', 'D:\\server\\xampp\\htdocs\\wdpf55_ci\\ci_project\\app\\Views\\products\\edit.php', 52, [])
 2 SYSTEMPATH\View\View.php(228): include('D:\\server\\xampp\\htdocs\\wdpf55_ci\\ci_project\\app\\Views\\products\\edit.php')
 3 SYSTEMPATH\View\View.php(231): CodeIgniter\View\View->CodeIgniter\View\{closure}()
 4 SYSTEMPATH\Common.php(1190): CodeIgniter\View\View->render('products/edit', [], true)
 5 APPPATH\Controllers\ProductController.php(64): view('products/edit', [...])
 6 SYSTEMPATH\CodeIgniter.php(942): App\Controllers\ProductController->edit('21')
 7 SYSTEMPATH\CodeIgniter.php(502): CodeIgniter\CodeIgniter->runController(Object(App\Controllers\ProductController))
 8 SYSTEMPATH\CodeIgniter.php(361): CodeIgniter\CodeIgniter->handleRequest(null, Object(Config\Cache), false)
 9 FCPATH\index.php(79): CodeIgniter\CodeIgniter->run()
10 SYSTEMPATH\Commands\Server\rewrite.php(47): require_once('D:\\server\\xampp\\htdocs\\wdpf55_ci\\ci_project\\public\\index.php')
INFO - 2023-12-04 07:04:41 --> Session: Class initialized using 'CodeIgniter\Session\Handlers\FileHandler' driver.
INFO - 2023-12-04 07:04:44 --> Session: Class initialized using 'CodeIgniter\Session\Handlers\FileHandler' driver.
