CRITICAL - 2023-12-03 03:50:22 --> Invalid argument supplied for foreach()
in APPPATH\Views\products\create.php on line 85.
 1 APPPATH\Views\products\create.php(85): CodeIgniter\Debug\Exceptions->errorHandler(2, 'Invalid argument supplied for foreach()', 'D:\\server\\xampp\\htdocs\\wdpf55_ci\\ci_project\\app\\Views\\products\\create.php', 85, [])
 2 SYSTEMPATH\View\View.php(228): include('D:\\server\\xampp\\htdocs\\wdpf55_ci\\ci_project\\app\\Views\\products\\create.php')
 3 SYSTEMPATH\View\View.php(231): CodeIgniter\View\View->CodeIgniter\View\{closure}()
 4 SYSTEMPATH\Common.php(1190): CodeIgniter\View\View->render('products/create', [], true)
 5 APPPATH\Controllers\ProductController.php(26): view('products/create')
 6 SYSTEMPATH\CodeIgniter.php(942): App\Controllers\ProductController->create()
 7 SYSTEMPATH\CodeIgniter.php(502): CodeIgniter\CodeIgniter->runController(Object(App\Controllers\ProductController))
 8 SYSTEMPATH\CodeIgniter.php(361): CodeIgniter\CodeIgniter->handleRequest(null, Object(Config\Cache), false)
 9 FCPATH\index.php(79): CodeIgniter\CodeIgniter->run()
10 SYSTEMPATH\Commands\Server\rewrite.php(47): require_once('D:\\server\\xampp\\htdocs\\wdpf55_ci\\ci_project\\public\\index.php')
CRITICAL - 2023-12-03 03:50:28 --> Invalid argument supplied for foreach()
in APPPATH\Views\products\create.php on line 85.
 1 APPPATH\Views\products\create.php(85): CodeIgniter\Debug\Exceptions->errorHandler(2, 'Invalid argument supplied for foreach()', 'D:\\server\\xampp\\htdocs\\wdpf55_ci\\ci_project\\app\\Views\\products\\create.php', 85, [])
 2 SYSTEMPATH\View\View.php(228): include('D:\\server\\xampp\\htdocs\\wdpf55_ci\\ci_project\\app\\Views\\products\\create.php')
 3 SYSTEMPATH\View\View.php(231): CodeIgniter\View\View->CodeIgniter\View\{closure}()
 4 SYSTEMPATH\Common.php(1190): CodeIgniter\View\View->render('products/create', [], true)
 5 APPPATH\Controllers\ProductController.php(26): view('products/create')
 6 SYSTEMPATH\CodeIgniter.php(942): App\Controllers\ProductController->create()
 7 SYSTEMPATH\CodeIgniter.php(502): CodeIgniter\CodeIgniter->runController(Object(App\Controllers\ProductController))
 8 SYSTEMPATH\CodeIgniter.php(361): CodeIgniter\CodeIgniter->handleRequest(null, Object(Config\Cache), false)
 9 FCPATH\index.php(79): CodeIgniter\CodeIgniter->run()
10 SYSTEMPATH\Commands\Server\rewrite.php(47): require_once('D:\\server\\xampp\\htdocs\\wdpf55_ci\\ci_project\\public\\index.php')
CRITICAL - 2023-12-03 03:50:32 --> Invalid argument supplied for foreach()
in APPPATH\Views\products\create.php on line 85.
 1 APPPATH\Views\products\create.php(85): CodeIgniter\Debug\Exceptions->errorHandler(2, 'Invalid argument supplied for foreach()', 'D:\\server\\xampp\\htdocs\\wdpf55_ci\\ci_project\\app\\Views\\products\\create.php', 85, [])
 2 SYSTEMPATH\View\View.php(228): include('D:\\server\\xampp\\htdocs\\wdpf55_ci\\ci_project\\app\\Views\\products\\create.php')
 3 SYSTEMPATH\View\View.php(231): CodeIgniter\View\View->CodeIgniter\View\{closure}()
 4 SYSTEMPATH\Common.php(1190): CodeIgniter\View\View->render('products/create', [], true)
 5 APPPATH\Controllers\ProductController.php(26): view('products/create')
 6 SYSTEMPATH\CodeIgniter.php(942): App\Controllers\ProductController->create()
 7 SYSTEMPATH\CodeIgniter.php(502): CodeIgniter\CodeIgniter->runController(Object(App\Controllers\ProductController))
 8 SYSTEMPATH\CodeIgniter.php(361): CodeIgniter\CodeIgniter->handleRequest(null, Object(Config\Cache), false)
 9 FCPATH\index.php(79): CodeIgniter\CodeIgniter->run()
10 SYSTEMPATH\Commands\Server\rewrite.php(47): require_once('D:\\server\\xampp\\htdocs\\wdpf55_ci\\ci_project\\public\\index.php')
CRITICAL - 2023-12-03 03:59:37 --> Invalid file: "products/create.php"
in SYSTEMPATH\Exceptions\FrameworkException.php on line 39.
 1 SYSTEMPATH\View\View.php(216): CodeIgniter\Exceptions\FrameworkException::forInvalidFile('products/create.php')
 2 SYSTEMPATH\Common.php(1190): CodeIgniter\View\View->render('products/create', [], true)
 3 APPPATH\Controllers\ProductController.php(26): view('products/create')
 4 SYSTEMPATH\CodeIgniter.php(942): App\Controllers\ProductController->create()
 5 SYSTEMPATH\CodeIgniter.php(502): CodeIgniter\CodeIgniter->runController(Object(App\Controllers\ProductController))
 6 SYSTEMPATH\CodeIgniter.php(361): CodeIgniter\CodeIgniter->handleRequest(null, Object(Config\Cache), false)
 7 FCPATH\index.php(79): CodeIgniter\CodeIgniter->run()
 8 SYSTEMPATH\Commands\Server\rewrite.php(47): require_once('D:\\server\\xampp\\htdocs\\wdpf55_ci\\ci_project\\public\\index.php')
CRITICAL - 2023-12-03 04:04:07 --> Invalid argument supplied for foreach()
in APPPATH\Views\products\create.php on line 86.
 1 APPPATH\Views\products\create.php(86): CodeIgniter\Debug\Exceptions->errorHandler(2, 'Invalid argument supplied for foreach()', 'D:\\server\\xampp\\htdocs\\wdpf55_ci\\ci_project\\app\\Views\\products\\create.php', 86, [])
 2 SYSTEMPATH\View\View.php(228): include('D:\\server\\xampp\\htdocs\\wdpf55_ci\\ci_project\\app\\Views\\products\\create.php')
 3 SYSTEMPATH\View\View.php(231): CodeIgniter\View\View->CodeIgniter\View\{closure}()
 4 SYSTEMPATH\Common.php(1190): CodeIgniter\View\View->render('products/create', [], true)
 5 APPPATH\Controllers\ProductController.php(26): view('products/create')
 6 SYSTEMPATH\CodeIgniter.php(942): App\Controllers\ProductController->create()
 7 SYSTEMPATH\CodeIgniter.php(502): CodeIgniter\CodeIgniter->runController(Object(App\Controllers\ProductController))
 8 SYSTEMPATH\CodeIgniter.php(361): CodeIgniter\CodeIgniter->handleRequest(null, Object(Config\Cache), false)
 9 FCPATH\index.php(79): CodeIgniter\CodeIgniter->run()
10 SYSTEMPATH\Commands\Server\rewrite.php(47): require_once('D:\\server\\xampp\\htdocs\\wdpf55_ci\\ci_project\\public\\index.php')
