CRITICAL - 2023-12-02 04:07:21 --> include(./Includes/sidebar.php): failed to open stream: No such file or directory
in APPPATH\Views\dashboard.php on line 31.
 1 APPPATH\Views\dashboard.php(31): CodeIgniter\Debug\Exceptions->errorHandler(2, 'include(./Includes/sidebar.php): failed to open stream: No such file or directory', 'D:\\server\\xampp\\htdocs\\wdpf55_ci\\ci_project\\app\\Views\\dashboard.php', 31, [])
 2 APPPATH\Views\dashboard.php(31): include()
 3 SYSTEMPATH\View\View.php(228): include('D:\\server\\xampp\\htdocs\\wdpf55_ci\\ci_project\\app\\Views\\dashboard.php')
 4 SYSTEMPATH\View\View.php(231): CodeIgniter\View\View->CodeIgniter\View\{closure}()
 5 SYSTEMPATH\Common.php(1190): CodeIgniter\View\View->render('dashboard', [], true)
 6 APPPATH\Controllers\AdminHome.php(11): view('dashboard')
 7 SYSTEMPATH\CodeIgniter.php(942): App\Controllers\AdminHome->index()
 8 SYSTEMPATH\CodeIgniter.php(502): CodeIgniter\CodeIgniter->runController(Object(App\Controllers\AdminHome))
 9 SYSTEMPATH\CodeIgniter.php(361): CodeIgniter\CodeIgniter->handleRequest(null, Object(Config\Cache), false)
10 FCPATH\index.php(79): CodeIgniter\CodeIgniter->run()
11 SYSTEMPATH\Commands\Server\rewrite.php(47): require_once('D:\\server\\xampp\\htdocs\\wdpf55_ci\\ci_project\\public\\index.php')
CRITICAL - 2023-12-02 04:07:23 --> include(./Includes/sidebar.php): failed to open stream: No such file or directory
in APPPATH\Views\dashboard.php on line 31.
 1 APPPATH\Views\dashboard.php(31): CodeIgniter\Debug\Exceptions->errorHandler(2, 'include(./Includes/sidebar.php): failed to open stream: No such file or directory', 'D:\\server\\xampp\\htdocs\\wdpf55_ci\\ci_project\\app\\Views\\dashboard.php', 31, [])
 2 APPPATH\Views\dashboard.php(31): include()
 3 SYSTEMPATH\View\View.php(228): include('D:\\server\\xampp\\htdocs\\wdpf55_ci\\ci_project\\app\\Views\\dashboard.php')
 4 SYSTEMPATH\View\View.php(231): CodeIgniter\View\View->CodeIgniter\View\{closure}()
 5 SYSTEMPATH\Common.php(1190): CodeIgniter\View\View->render('dashboard', [], true)
 6 APPPATH\Controllers\AdminHome.php(11): view('dashboard')
 7 SYSTEMPATH\CodeIgniter.php(942): App\Controllers\AdminHome->index()
 8 SYSTEMPATH\CodeIgniter.php(502): CodeIgniter\CodeIgniter->runController(Object(App\Controllers\AdminHome))
 9 SYSTEMPATH\CodeIgniter.php(361): CodeIgniter\CodeIgniter->handleRequest(null, Object(Config\Cache), false)
10 FCPATH\index.php(79): CodeIgniter\CodeIgniter->run()
11 SYSTEMPATH\Commands\Server\rewrite.php(47): require_once('D:\\server\\xampp\\htdocs\\wdpf55_ci\\ci_project\\public\\index.php')
CRITICAL - 2023-12-02 04:46:31 --> Invalid file: "../Includes/sidebar.php"
in SYSTEMPATH\Exceptions\FrameworkException.php on line 39.
 1 SYSTEMPATH\View\View.php(216): CodeIgniter\Exceptions\FrameworkException::forInvalidFile('../Includes/sidebar.php')
 2 SYSTEMPATH\View\View.php(469): CodeIgniter\View\View->render('../Includes/sidebar.php', null, true)
 3 APPPATH\Views\products\index.php(34): CodeIgniter\View\View->include('../Includes/sidebar.php')
 4 SYSTEMPATH\View\View.php(228): include('D:\\server\\xampp\\htdocs\\wdpf55_ci\\ci_project\\app\\Views\\products\\index.php')
 5 SYSTEMPATH\View\View.php(231): CodeIgniter\View\View->CodeIgniter\View\{closure}()
 6 SYSTEMPATH\Common.php(1190): CodeIgniter\View\View->render('products/index', [], true)
 7 APPPATH\Controllers\ProductController.php(11): view('products/index')
 8 SYSTEMPATH\CodeIgniter.php(942): App\Controllers\ProductController->index()
 9 SYSTEMPATH\CodeIgniter.php(502): CodeIgniter\CodeIgniter->runController(Object(App\Controllers\ProductController))
10 SYSTEMPATH\CodeIgniter.php(361): CodeIgniter\CodeIgniter->handleRequest(null, Object(Config\Cache), false)
11 FCPATH\index.php(79): CodeIgniter\CodeIgniter->run()
12 SYSTEMPATH\Commands\Server\rewrite.php(47): require_once('D:\\server\\xampp\\htdocs\\wdpf55_ci\\ci_project\\public\\index.php')
CRITICAL - 2023-12-02 06:38:08 --> Invalid argument supplied for foreach()
in APPPATH\Views\products\index.php on line 85.
 1 APPPATH\Views\products\index.php(85): CodeIgniter\Debug\Exceptions->errorHandler(2, 'Invalid argument supplied for foreach()', 'D:\\server\\xampp\\htdocs\\wdpf55_ci\\ci_project\\app\\Views\\products\\index.php', 85, [...])
 2 SYSTEMPATH\View\View.php(228): include('D:\\server\\xampp\\htdocs\\wdpf55_ci\\ci_project\\app\\Views\\products\\index.php')
 3 SYSTEMPATH\View\View.php(231): CodeIgniter\View\View->CodeIgniter\View\{closure}()
 4 SYSTEMPATH\Common.php(1190): CodeIgniter\View\View->render('products/index', [], true)
 5 APPPATH\Controllers\ProductController.php(21): view('products/index', [...])
 6 SYSTEMPATH\CodeIgniter.php(942): App\Controllers\ProductController->index()
 7 SYSTEMPATH\CodeIgniter.php(502): CodeIgniter\CodeIgniter->runController(Object(App\Controllers\ProductController))
 8 SYSTEMPATH\CodeIgniter.php(361): CodeIgniter\CodeIgniter->handleRequest(null, Object(Config\Cache), false)
 9 FCPATH\index.php(79): CodeIgniter\CodeIgniter->run()
10 SYSTEMPATH\Commands\Server\rewrite.php(47): require_once('D:\\server\\xampp\\htdocs\\wdpf55_ci\\ci_project\\public\\index.php')
CRITICAL - 2023-12-02 06:38:09 --> Invalid argument supplied for foreach()
in APPPATH\Views\products\index.php on line 85.
 1 APPPATH\Views\products\index.php(85): CodeIgniter\Debug\Exceptions->errorHandler(2, 'Invalid argument supplied for foreach()', 'D:\\server\\xampp\\htdocs\\wdpf55_ci\\ci_project\\app\\Views\\products\\index.php', 85, [...])
 2 SYSTEMPATH\View\View.php(228): include('D:\\server\\xampp\\htdocs\\wdpf55_ci\\ci_project\\app\\Views\\products\\index.php')
 3 SYSTEMPATH\View\View.php(231): CodeIgniter\View\View->CodeIgniter\View\{closure}()
 4 SYSTEMPATH\Common.php(1190): CodeIgniter\View\View->render('products/index', [], true)
 5 APPPATH\Controllers\ProductController.php(21): view('products/index', [...])
 6 SYSTEMPATH\CodeIgniter.php(942): App\Controllers\ProductController->index()
 7 SYSTEMPATH\CodeIgniter.php(502): CodeIgniter\CodeIgniter->runController(Object(App\Controllers\ProductController))
 8 SYSTEMPATH\CodeIgniter.php(361): CodeIgniter\CodeIgniter->handleRequest(null, Object(Config\Cache), false)
 9 FCPATH\index.php(79): CodeIgniter\CodeIgniter->run()
10 SYSTEMPATH\Commands\Server\rewrite.php(47): require_once('D:\\server\\xampp\\htdocs\\wdpf55_ci\\ci_project\\public\\index.php')
CRITICAL - 2023-12-02 06:40:31 --> Invalid argument supplied for foreach()
in APPPATH\Views\products\index.php on line 85.
 1 APPPATH\Views\products\index.php(85): CodeIgniter\Debug\Exceptions->errorHandler(2, 'Invalid argument supplied for foreach()', 'D:\\server\\xampp\\htdocs\\wdpf55_ci\\ci_project\\app\\Views\\products\\index.php', 85, [...])
 2 SYSTEMPATH\View\View.php(228): include('D:\\server\\xampp\\htdocs\\wdpf55_ci\\ci_project\\app\\Views\\products\\index.php')
 3 SYSTEMPATH\View\View.php(231): CodeIgniter\View\View->CodeIgniter\View\{closure}()
 4 SYSTEMPATH\Common.php(1190): CodeIgniter\View\View->render('products/index', [], true)
 5 APPPATH\Controllers\ProductController.php(21): view('products/index', [...])
 6 SYSTEMPATH\CodeIgniter.php(942): App\Controllers\ProductController->index()
 7 SYSTEMPATH\CodeIgniter.php(502): CodeIgniter\CodeIgniter->runController(Object(App\Controllers\ProductController))
 8 SYSTEMPATH\CodeIgniter.php(361): CodeIgniter\CodeIgniter->handleRequest(null, Object(Config\Cache), false)
 9 FCPATH\index.php(79): CodeIgniter\CodeIgniter->run()
10 SYSTEMPATH\Commands\Server\rewrite.php(47): require_once('D:\\server\\xampp\\htdocs\\wdpf55_ci\\ci_project\\public\\index.php')
CRITICAL - 2023-12-02 06:40:32 --> Invalid argument supplied for foreach()
in APPPATH\Views\products\index.php on line 85.
 1 APPPATH\Views\products\index.php(85): CodeIgniter\Debug\Exceptions->errorHandler(2, 'Invalid argument supplied for foreach()', 'D:\\server\\xampp\\htdocs\\wdpf55_ci\\ci_project\\app\\Views\\products\\index.php', 85, [...])
 2 SYSTEMPATH\View\View.php(228): include('D:\\server\\xampp\\htdocs\\wdpf55_ci\\ci_project\\app\\Views\\products\\index.php')
 3 SYSTEMPATH\View\View.php(231): CodeIgniter\View\View->CodeIgniter\View\{closure}()
 4 SYSTEMPATH\Common.php(1190): CodeIgniter\View\View->render('products/index', [], true)
 5 APPPATH\Controllers\ProductController.php(21): view('products/index', [...])
 6 SYSTEMPATH\CodeIgniter.php(942): App\Controllers\ProductController->index()
 7 SYSTEMPATH\CodeIgniter.php(502): CodeIgniter\CodeIgniter->runController(Object(App\Controllers\ProductController))
 8 SYSTEMPATH\CodeIgniter.php(361): CodeIgniter\CodeIgniter->handleRequest(null, Object(Config\Cache), false)
 9 FCPATH\index.php(79): CodeIgniter\CodeIgniter->run()
10 SYSTEMPATH\Commands\Server\rewrite.php(47): require_once('D:\\server\\xampp\\htdocs\\wdpf55_ci\\ci_project\\public\\index.php')
CRITICAL - 2023-12-02 06:40:46 --> Invalid argument supplied for foreach()
in APPPATH\Views\products\index.php on line 85.
 1 APPPATH\Views\products\index.php(85): CodeIgniter\Debug\Exceptions->errorHandler(2, 'Invalid argument supplied for foreach()', 'D:\\server\\xampp\\htdocs\\wdpf55_ci\\ci_project\\app\\Views\\products\\index.php', 85, [...])
 2 SYSTEMPATH\View\View.php(228): include('D:\\server\\xampp\\htdocs\\wdpf55_ci\\ci_project\\app\\Views\\products\\index.php')
 3 SYSTEMPATH\View\View.php(231): CodeIgniter\View\View->CodeIgniter\View\{closure}()
 4 SYSTEMPATH\Common.php(1190): CodeIgniter\View\View->render('products/index', [], true)
 5 APPPATH\Controllers\ProductController.php(21): view('products/index', [...])
 6 SYSTEMPATH\CodeIgniter.php(942): App\Controllers\ProductController->index()
 7 SYSTEMPATH\CodeIgniter.php(502): CodeIgniter\CodeIgniter->runController(Object(App\Controllers\ProductController))
 8 SYSTEMPATH\CodeIgniter.php(361): CodeIgniter\CodeIgniter->handleRequest(null, Object(Config\Cache), false)
 9 FCPATH\index.php(79): CodeIgniter\CodeIgniter->run()
10 SYSTEMPATH\Commands\Server\rewrite.php(47): require_once('D:\\server\\xampp\\htdocs\\wdpf55_ci\\ci_project\\public\\index.php')
CRITICAL - 2023-12-02 06:40:48 --> Invalid argument supplied for foreach()
in APPPATH\Views\products\index.php on line 85.
 1 APPPATH\Views\products\index.php(85): CodeIgniter\Debug\Exceptions->errorHandler(2, 'Invalid argument supplied for foreach()', 'D:\\server\\xampp\\htdocs\\wdpf55_ci\\ci_project\\app\\Views\\products\\index.php', 85, [...])
 2 SYSTEMPATH\View\View.php(228): include('D:\\server\\xampp\\htdocs\\wdpf55_ci\\ci_project\\app\\Views\\products\\index.php')
 3 SYSTEMPATH\View\View.php(231): CodeIgniter\View\View->CodeIgniter\View\{closure}()
 4 SYSTEMPATH\Common.php(1190): CodeIgniter\View\View->render('products/index', [], true)
 5 APPPATH\Controllers\ProductController.php(21): view('products/index', [...])
 6 SYSTEMPATH\CodeIgniter.php(942): App\Controllers\ProductController->index()
 7 SYSTEMPATH\CodeIgniter.php(502): CodeIgniter\CodeIgniter->runController(Object(App\Controllers\ProductController))
 8 SYSTEMPATH\CodeIgniter.php(361): CodeIgniter\CodeIgniter->handleRequest(null, Object(Config\Cache), false)
 9 FCPATH\index.php(79): CodeIgniter\CodeIgniter->run()
10 SYSTEMPATH\Commands\Server\rewrite.php(47): require_once('D:\\server\\xampp\\htdocs\\wdpf55_ci\\ci_project\\public\\index.php')
ERROR - 2023-12-02 07:10:39 --> mysqli_sql_exception: You have an error in your SQL syntax; check the manual that corresponds to your MariaDB server version for the right syntax to use near 'VARCHAR(50) NOT NULL
) DEFAULT CHARACTER SET = utf8 COLLATE = utf8_general_ci' at line 2 in D:\server\xampp\htdocs\wdpf55_ci\ci_project\system\Database\MySQLi\Connection.php:306
Stack trace:
#0 D:\server\xampp\htdocs\wdpf55_ci\ci_project\system\Database\MySQLi\Connection.php(306): mysqli->query('CREATE TABLE `p...', 0)
#1 D:\server\xampp\htdocs\wdpf55_ci\ci_project\system\Database\BaseConnection.php(693): CodeIgniter\Database\MySQLi\Connection->execute('CREATE TABLE `p...')
#2 D:\server\xampp\htdocs\wdpf55_ci\ci_project\system\Database\BaseConnection.php(607): CodeIgniter\Database\BaseConnection->simpleQuery('CREATE TABLE `p...')
#3 D:\server\xampp\htdocs\wdpf55_ci\ci_project\system\Database\Forge.php(546): CodeIgniter\Database\BaseConnection->query('CREATE TABLE `p...')
#4 D:\server\xampp\htdocs\wdpf55_ci\ci_project\app\Database\Migrations\2023-12-02-065610_Products1Migration.php(36): CodeIgniter\Database\Forge->createTable('product1')
#5 D:\server\xampp\htdocs\wdpf55_ci\ci_project\system\Database\MigrationRunner.php(873): App\Database\Migrations\Products1Migration->up()
#6 D:\server\xampp\htdocs\wdpf55_ci\ci_project\system\Database\MigrationRunner.php(188): CodeIgniter\Database\MigrationRunner->migrate('up', Object(stdClass))
#7 D:\server\xampp\htdocs\wdpf55_ci\ci_project\system\Commands\Database\Migrate.php(84): CodeIgniter\Database\MigrationRunner->latest(NULL)
#8 D:\server\xampp\htdocs\wdpf55_ci\ci_project\system\CLI\Commands.php(65): CodeIgniter\Commands\Database\Migrate->run(Array)
#9 D:\server\xampp\htdocs\wdpf55_ci\ci_project\system\CLI\Console.php(46): CodeIgniter\CLI\Commands->run('migrate', Array)
#10 D:\server\xampp\htdocs\wdpf55_ci\ci_project\spark(102): CodeIgniter\CLI\Console->run()
#11 {main}
