CRITICAL - 2023-11-30 07:15:21 --> The framework needs the following extension(s) installed and loaded: intl.
in SYSTEMPATH\CodeIgniter.php on line 252.
 1 SYSTEMPATH\CodeIgniter.php(252): CodeIgniter\Exceptions\FrameworkException::forMissingExtension('intl')
 2 SYSTEMPATH\CodeIgniter.php(214): CodeIgniter\CodeIgniter->resolvePlatformExtensions()
 3 ROOTPATH\spark(88): CodeIgniter\CodeIgniter->initialize()
CRITICAL - 2023-11-30 07:15:21 --> Uncaught Error: Class 'Locale' not found in D:\server\xampp\htdocs\wdpf55_ci\ci_project\system\I18n\TimeTrait.php:74
Stack trace:
#0 D:\server\xampp\htdocs\wdpf55_ci\ci_project\system\I18n\TimeTrait.php(115): CodeIgniter\I18n\Time->__construct(NULL, NULL, NULL)
#1 D:\server\xampp\htdocs\wdpf55_ci\ci_project\system\HTTP\ResponseTrait.php(468): CodeIgniter\I18n\Time::now()
#2 D:\server\xampp\htdocs\wdpf55_ci\ci_project\system\HTTP\ResponseTrait.php(446): CodeIgniter\HTTP\Response->sendHeaders()
#3 D:\server\xampp\htdocs\wdpf55_ci\ci_project\system\Debug\ExceptionHandler.php(81): CodeIgniter\HTTP\Response->send()
#4 D:\server\xampp\htdocs\wdpf55_ci\ci_project\system\Debug\Exceptions.php(149): CodeIgniter\Debug\ExceptionHandler->handle(Object(CodeIgniter\Exceptions\FrameworkException), Object(CodeIgniter\HTTP\IncomingRequest), Object(CodeIgniter\HTTP\Response), 500, 1)
#5 [internal function]: CodeIgniter\Debug\Exceptions->exceptionHandler(Object(CodeIgniter\Exceptions\FrameworkException))
#6 {main}
  thrown
【Previous Exception】
CodeIgniter\Exceptions\FrameworkException
The framework needs the following extension(s) installed and loaded: intl.
#0 D:\server\xampp\htdocs\wdpf55_ci\ci_project\system\CodeIgniter.php(252): CodeIgniter\Exceptions\FrameworkException::forMissingExtension('intl')
#1 D:\server\xampp\htdocs\wdpf55_ci\ci_project\system\CodeIgniter.php(214): CodeIgniter\CodeIgniter->resolvePlatformExtensions()
#2 D:\server\xampp\htdocs\wdpf55_ci\ci_project\spark(88): CodeIgniter\CodeIgniter->initialize()
#3 {main}
in SYSTEMPATH\I18n\TimeTrait.php on line 74.
 1 [internal function]: CodeIgniter\Debug\Exceptions->shutdownHandler()
CRITICAL - 2023-11-30 06:58:41 --> Invalid file: "about_us.php"
in SYSTEMPATH\Exceptions\FrameworkException.php on line 39.
 1 SYSTEMPATH\View\View.php(216): CodeIgniter\Exceptions\FrameworkException::forInvalidFile('about_us.php')
 2 SYSTEMPATH\Common.php(1190): CodeIgniter\View\View->render('about_us', [], true)
 3 APPPATH\Controllers\About.php(11): view('about_us')
 4 SYSTEMPATH\CodeIgniter.php(942): App\Controllers\About->index()
 5 SYSTEMPATH\CodeIgniter.php(502): CodeIgniter\CodeIgniter->runController(Object(App\Controllers\About))
 6 SYSTEMPATH\CodeIgniter.php(361): CodeIgniter\CodeIgniter->handleRequest(null, Object(Config\Cache), false)
 7 FCPATH\index.php(79): CodeIgniter\CodeIgniter->run()
 8 SYSTEMPATH\Commands\Server\rewrite.php(47): require_once('D:\\server\\xampp\\htdocs\\wdpf55_ci\\ci_project\\public\\index.php')
